0 verbose cli C:\Program Files\nodejs\node.exe C:\Program Files\nodejs\node_modules\npm\bin\npm-cli.js
1 info using npm@11.6.1
2 info using node@v24.11.0
3 silly config load:file:C:\Program Files\nodejs\node_modules\npm\npmrc
4 silly config load:file:C:\dev\movie-review-app\.npmrc
5 silly config load:file:C:\Users\Tlaitlai\.npmrc
6 silly config load:file:C:\Users\Tlaitlai\AppData\Roaming\npm\etc\npmrc
7 verbose title npm install firebase
8 verbose argv "install" "firebase"
9 verbose logfile logs-max:10 dir:C:\dev\movie-review-app\D\npm-cache\_logs\2025-11-02T20_56_03_748Z-
10 verbose logfile C:\dev\movie-review-app\D\npm-cache\_logs\2025-11-02T20_56_03_748Z-debug-0.log
11 silly logfile start cleaning logs, removing 1 files
12 silly packumentCache heap:2348810240 maxSize:587202560 maxEntrySize:293601280
13 silly logfile done cleaning log files
14 silly idealTree buildDeps
15 silly fetch manifest firebase@*
16 silly packumentCache full:https://registry.npmjs.org/firebase cache-miss
17 http fetch GET 200 https://registry.npmjs.org/firebase 5098ms (cache miss)
18 silly packumentCache full:https://registry.npmjs.org/firebase set size:undefined disposed:false
19 silly placeDep ROOT firebase@12.5.0 OK for:  want: *
20 silly fetch manifest @firebase/ai@2.5.0
21 silly packumentCache full:https://registry.npmjs.org/@firebase%2fai cache-miss
22 silly fetch manifest @firebase/app@0.14.5
23 silly packumentCache full:https://registry.npmjs.org/@firebase%2fapp cache-miss
24 silly fetch manifest @firebase/auth@1.11.1
25 silly packumentCache full:https://registry.npmjs.org/@firebase%2fauth cache-miss
26 http fetch GET 200 https://registry.npmjs.org/@firebase%2fai 808ms (cache miss)
27 silly packumentCache full:https://registry.npmjs.org/@firebase%2fai set size:undefined disposed:false
28 silly fetch manifest @firebase/util@1.13.0
29 silly packumentCache full:https://registry.npmjs.org/@firebase%2futil cache-miss
30 http fetch GET 200 https://registry.npmjs.org/@firebase%2fapp 3257ms (cache miss)
31 silly packumentCache full:https://registry.npmjs.org/@firebase%2fapp set size:undefined disposed:false
32 silly fetch manifest @firebase/storage@0.14.0
33 silly packumentCache full:https://registry.npmjs.org/@firebase%2fstorage cache-miss
34 http fetch GET 200 https://registry.npmjs.org/@firebase%2fstorage 4201ms (cache miss)
35 silly packumentCache full:https://registry.npmjs.org/@firebase%2fstorage set size:undefined disposed:false
36 silly fetch manifest @firebase/database@1.1.0
37 silly packumentCache full:https://registry.npmjs.org/@firebase%2fdatabase cache-miss
38 http fetch GET 200 https://registry.npmjs.org/@firebase%2fdatabase 3645ms (cache miss)
39 silly packumentCache full:https://registry.npmjs.org/@firebase%2fdatabase set size:undefined disposed:false
40 silly fetch manifest @firebase/analytics@0.10.19
41 silly packumentCache full:https://registry.npmjs.org/@firebase%2fanalytics cache-miss
42 http fetch GET 200 https://registry.npmjs.org/@firebase%2futil 12179ms (cache miss)
43 silly packumentCache full:https://registry.npmjs.org/@firebase%2futil set size:undefined disposed:false
44 silly fetch manifest @firebase/app-check@0.11.0
45 silly packumentCache full:https://registry.npmjs.org/@firebase%2fapp-check cache-miss
46 http fetch GET 200 https://registry.npmjs.org/@firebase%2fanalytics 2691ms (cache miss)
47 silly packumentCache full:https://registry.npmjs.org/@firebase%2fanalytics set size:undefined disposed:false
48 silly fetch manifest @firebase/app-types@0.9.3
49 silly packumentCache full:https://registry.npmjs.org/@firebase%2fapp-types cache-miss
50 http fetch GET 200 https://registry.npmjs.org/@firebase%2fauth 16535ms (cache miss)
51 silly packumentCache full:https://registry.npmjs.org/@firebase%2fauth set size:undefined disposed:false
52 silly fetch manifest @firebase/firestore@4.9.2
53 silly packumentCache full:https://registry.npmjs.org/@firebase%2ffirestore cache-miss
54 http fetch GET 200 https://registry.npmjs.org/@firebase%2fapp-check 3652ms (cache miss)
55 silly packumentCache full:https://registry.npmjs.org/@firebase%2fapp-check set size:undefined disposed:false
56 silly fetch manifest @firebase/functions@0.13.1
57 silly packumentCache full:https://registry.npmjs.org/@firebase%2ffunctions cache-miss
58 http fetch GET 200 https://registry.npmjs.org/@firebase%2fapp-types 3100ms (cache miss)
59 silly packumentCache full:https://registry.npmjs.org/@firebase%2fapp-types set size:undefined disposed:false
60 silly fetch manifest @firebase/messaging@0.12.23
61 silly packumentCache full:https://registry.npmjs.org/@firebase%2fmessaging cache-miss
62 http fetch GET 200 https://registry.npmjs.org/@firebase%2fmessaging 5902ms (cache miss)
63 silly packumentCache full:https://registry.npmjs.org/@firebase%2fmessaging set size:undefined disposed:false
64 silly fetch manifest @firebase/app-compat@0.5.5
65 silly packumentCache full:https://registry.npmjs.org/@firebase%2fapp-compat cache-miss
66 http fetch GET 200 https://registry.npmjs.org/@firebase%2fapp-compat 2427ms (cache miss)
67 silly packumentCache full:https://registry.npmjs.org/@firebase%2fapp-compat set size:undefined disposed:false
68 silly fetch manifest @firebase/auth-compat@0.6.1
69 silly packumentCache full:https://registry.npmjs.org/@firebase%2fauth-compat cache-miss
70 http fetch GET 200 https://registry.npmjs.org/@firebase%2ffunctions 9786ms (cache miss)
71 silly packumentCache full:https://registry.npmjs.org/@firebase%2ffunctions set size:undefined disposed:false
72 silly fetch manifest @firebase/performance@0.7.9
73 silly packumentCache full:https://registry.npmjs.org/@firebase%2fperformance cache-miss
74 http fetch GET 200 https://registry.npmjs.org/@firebase%2fauth-compat 2590ms (cache miss)
75 silly packumentCache full:https://registry.npmjs.org/@firebase%2fauth-compat set size:undefined disposed:false
76 silly fetch manifest @firebase/data-connect@0.3.11
77 silly packumentCache full:https://registry.npmjs.org/@firebase%2fdata-connect cache-miss
78 http fetch GET 200 https://registry.npmjs.org/@firebase%2fdata-connect 1020ms (cache miss)
79 silly packumentCache full:https://registry.npmjs.org/@firebase%2fdata-connect set size:undefined disposed:false
80 silly fetch manifest @firebase/installations@0.6.19
81 silly packumentCache full:https://registry.npmjs.org/@firebase%2finstallations cache-miss
82 http fetch GET 200 https://registry.npmjs.org/@firebase%2ffirestore 13275ms (cache miss)
83 silly packumentCache full:https://registry.npmjs.org/@firebase%2ffirestore set size:undefined disposed:false
84 silly fetch manifest @firebase/remote-config@0.7.0
85 silly packumentCache full:https://registry.npmjs.org/@firebase%2fremote-config cache-miss
86 http fetch GET 200 https://registry.npmjs.org/@firebase%2fperformance 6440ms (cache miss)
87 silly packumentCache full:https://registry.npmjs.org/@firebase%2fperformance set size:undefined disposed:false
88 silly fetch manifest @firebase/storage-compat@0.4.0
89 silly packumentCache full:https://registry.npmjs.org/@firebase%2fstorage-compat cache-miss
90 http fetch GET 200 https://registry.npmjs.org/@firebase%2finstallations 3929ms (cache miss)
91 silly packumentCache full:https://registry.npmjs.org/@firebase%2finstallations set size:undefined disposed:false
92 silly fetch manifest @firebase/database-compat@2.1.0
93 silly packumentCache full:https://registry.npmjs.org/@firebase%2fdatabase-compat cache-miss
94 http fetch GET 200 https://registry.npmjs.org/@firebase%2fstorage-compat 1736ms (cache miss)
95 silly packumentCache full:https://registry.npmjs.org/@firebase%2fstorage-compat set size:undefined disposed:false
96 silly fetch manifest @firebase/analytics-compat@0.2.25
97 silly packumentCache full:https://registry.npmjs.org/@firebase%2fanalytics-compat cache-miss
98 http fetch GET 200 https://registry.npmjs.org/@firebase%2fdatabase-compat 2027ms (cache miss)
99 silly packumentCache full:https://registry.npmjs.org/@firebase%2fdatabase-compat set size:undefined disposed:false
100 silly fetch manifest @firebase/app-check-compat@0.4.0
101 silly packumentCache full:https://registry.npmjs.org/@firebase%2fapp-check-compat cache-miss
102 http fetch GET 200 https://registry.npmjs.org/@firebase%2fremote-config 5935ms (cache miss)
103 silly packumentCache full:https://registry.npmjs.org/@firebase%2fremote-config set size:undefined disposed:false
104 silly fetch manifest @firebase/firestore-compat@0.4.2
105 silly packumentCache full:https://registry.npmjs.org/@firebase%2ffirestore-compat cache-miss
106 http fetch GET 200 https://registry.npmjs.org/@firebase%2fanalytics-compat 1564ms (cache miss)
107 silly packumentCache full:https://registry.npmjs.org/@firebase%2fanalytics-compat set size:undefined disposed:false
108 silly fetch manifest @firebase/functions-compat@0.4.1
109 silly packumentCache full:https://registry.npmjs.org/@firebase%2ffunctions-compat cache-miss
110 http fetch GET 200 https://registry.npmjs.org/@firebase%2fapp-check-compat 2763ms (cache miss)
111 silly packumentCache full:https://registry.npmjs.org/@firebase%2fapp-check-compat set size:undefined disposed:false
112 silly fetch manifest @firebase/messaging-compat@0.2.23
113 silly packumentCache full:https://registry.npmjs.org/@firebase%2fmessaging-compat cache-miss
114 http fetch GET 200 https://registry.npmjs.org/@firebase%2ffunctions-compat 2263ms (cache miss)
115 silly packumentCache full:https://registry.npmjs.org/@firebase%2ffunctions-compat set size:undefined disposed:false
116 silly fetch manifest @firebase/performance-compat@0.2.22
117 silly packumentCache full:https://registry.npmjs.org/@firebase%2fperformance-compat cache-miss
118 http fetch GET 200 https://registry.npmjs.org/@firebase%2ffirestore-compat 3455ms (cache miss)
119 silly packumentCache full:https://registry.npmjs.org/@firebase%2ffirestore-compat set size:undefined disposed:false
120 silly fetch manifest @firebase/installations-compat@0.2.19
121 silly packumentCache full:https://registry.npmjs.org/@firebase%2finstallations-compat cache-miss
122 http fetch GET 200 https://registry.npmjs.org/@firebase%2fperformance-compat 1331ms (cache miss)
123 silly packumentCache full:https://registry.npmjs.org/@firebase%2fperformance-compat set size:undefined disposed:false
124 silly fetch manifest @firebase/remote-config-compat@0.2.20
125 silly packumentCache full:https://registry.npmjs.org/@firebase%2fremote-config-compat cache-miss
126 http fetch GET 200 https://registry.npmjs.org/@firebase%2fmessaging-compat 2678ms (cache miss)
127 silly packumentCache full:https://registry.npmjs.org/@firebase%2fmessaging-compat set size:undefined disposed:false
128 http fetch GET 200 https://registry.npmjs.org/@firebase%2fremote-config-compat 1291ms (cache miss)
129 silly packumentCache full:https://registry.npmjs.org/@firebase%2fremote-config-compat set size:undefined disposed:false
130 http fetch GET 200 https://registry.npmjs.org/@firebase%2finstallations-compat 2759ms (cache miss)
131 silly packumentCache full:https://registry.npmjs.org/@firebase%2finstallations-compat set size:undefined disposed:false
132 silly fetch manifest @react-native-async-storage/async-storage@^1.18.1
133 silly packumentCache full:https://registry.npmjs.org/@react-native-async-storage%2fasync-storage cache-miss
134 http fetch GET 200 https://registry.npmjs.org/@react-native-async-storage%2fasync-storage 1269ms (cache miss)
135 silly packumentCache full:https://registry.npmjs.org/@react-native-async-storage%2fasync-storage set size:undefined disposed:false
136 silly fetch manifest react-native@^0.0.0-0 || >=0.60 <1.0
137 silly packumentCache full:https://registry.npmjs.org/react-native cache-miss
138 http fetch GET 200 https://registry.npmjs.org/react-native 1264ms (cache miss)
139 silly packumentCache full:https://registry.npmjs.org/react-native set size:undefined disposed:false
140 silly fetch manifest @types/react@^19.1.1
141 silly packumentCache full:https://registry.npmjs.org/@types%2freact cache-miss
142 http fetch GET 200 https://registry.npmjs.org/@types%2freact 970ms (cache miss)
143 silly packumentCache full:https://registry.npmjs.org/@types%2freact set size:undefined disposed:false
144 silly fetch manifest react@^19.1.1
145 silly packumentCache full:https://registry.npmjs.org/react cache-miss
146 http fetch GET 200 https://registry.npmjs.org/react 2329ms (cache miss)
147 silly packumentCache full:https://registry.npmjs.org/react set size:undefined disposed:false
148 silly placeDep ROOT @firebase/ai@2.5.0 OK for: firebase@12.5.0 want: 2.5.0
149 silly placeDep ROOT @firebase/app@0.14.5 OK for: @firebase/ai@2.5.0 want: 0.x
150 silly placeDep ROOT @firebase/app-types@0.9.3 OK for: @firebase/ai@2.5.0 want: 0.x
151 silly placeDep ROOT @firebase/analytics@0.10.19 OK for: firebase@12.5.0 want: 0.10.19
152 silly placeDep ROOT @firebase/analytics-compat@0.2.25 OK for: firebase@12.5.0 want: 0.2.25
153 silly placeDep ROOT @firebase/app-compat@0.5.5 OK for: @firebase/analytics-compat@0.2.25 want: 0.x
154 silly placeDep ROOT @firebase/app-check@0.11.0 OK for: firebase@12.5.0 want: 0.11.0
155 silly placeDep ROOT @firebase/app-check-compat@0.4.0 OK for: firebase@12.5.0 want: 0.4.0
156 silly placeDep ROOT @firebase/auth@1.11.1 OK for: firebase@12.5.0 want: 1.11.1
157 silly placeDep ROOT @firebase/auth-compat@0.6.1 OK for: firebase@12.5.0 want: 0.6.1
158 silly placeDep ROOT @firebase/data-connect@0.3.11 OK for: firebase@12.5.0 want: 0.3.11
159 silly placeDep ROOT @firebase/database@1.1.0 OK for: firebase@12.5.0 want: 1.1.0
160 silly placeDep ROOT @firebase/database-compat@2.1.0 OK for: firebase@12.5.0 want: 2.1.0
161 silly placeDep ROOT @firebase/firestore@4.9.2 OK for: firebase@12.5.0 want: 4.9.2
162 silly placeDep ROOT @firebase/firestore-compat@0.4.2 OK for: firebase@12.5.0 want: 0.4.2
163 silly placeDep ROOT @firebase/functions@0.13.1 OK for: firebase@12.5.0 want: 0.13.1
164 silly placeDep ROOT @firebase/functions-compat@0.4.1 OK for: firebase@12.5.0 want: 0.4.1
165 silly placeDep ROOT @firebase/installations@0.6.19 OK for: firebase@12.5.0 want: 0.6.19
166 silly placeDep ROOT @firebase/installations-compat@0.2.19 OK for: firebase@12.5.0 want: 0.2.19
167 silly placeDep ROOT @firebase/messaging@0.12.23 OK for: firebase@12.5.0 want: 0.12.23
168 silly placeDep ROOT @firebase/messaging-compat@0.2.23 OK for: firebase@12.5.0 want: 0.2.23
169 silly placeDep ROOT @firebase/performance@0.7.9 OK for: firebase@12.5.0 want: 0.7.9
170 silly placeDep ROOT @firebase/performance-compat@0.2.22 OK for: firebase@12.5.0 want: 0.2.22
171 silly placeDep ROOT @firebase/remote-config@0.7.0 OK for: firebase@12.5.0 want: 0.7.0
172 silly placeDep ROOT @firebase/remote-config-compat@0.2.20 OK for: firebase@12.5.0 want: 0.2.20
173 silly placeDep ROOT @firebase/storage@0.14.0 OK for: firebase@12.5.0 want: 0.14.0
174 silly placeDep ROOT @firebase/storage-compat@0.4.0 OK for: firebase@12.5.0 want: 0.4.0
175 silly placeDep ROOT @firebase/util@1.13.0 OK for: firebase@12.5.0 want: 1.13.0
176 silly fetch manifest @firebase/logger@0.5.0
177 silly packumentCache full:https://registry.npmjs.org/@firebase%2flogger cache-miss
178 silly fetch manifest @firebase/component@0.7.0
179 silly packumentCache full:https://registry.npmjs.org/@firebase%2fcomponent cache-miss
180 silly fetch manifest @firebase/app-check-interop-types@0.3.3
181 silly packumentCache full:https://registry.npmjs.org/@firebase%2fapp-check-interop-types cache-miss
182 http fetch GET 200 https://registry.npmjs.org/@firebase%2flogger 3246ms (cache miss)
183 silly packumentCache full:https://registry.npmjs.org/@firebase%2flogger set size:undefined disposed:false
184 silly fetch manifest idb@7.1.1
185 silly packumentCache full:https://registry.npmjs.org/idb cache-miss
186 http fetch GET 200 https://registry.npmjs.org/@firebase%2fapp-check-interop-types 3609ms (cache miss)
187 silly packumentCache full:https://registry.npmjs.org/@firebase%2fapp-check-interop-types set size:undefined disposed:false
188 silly fetch manifest @firebase/component@0.7.0
189 silly packumentCache full:https://registry.npmjs.org/@firebase%2fcomponent cache-miss
190 http fetch GET 200 https://registry.npmjs.org/idb 327ms (cache miss)
191 silly packumentCache full:https://registry.npmjs.org/idb set size:undefined disposed:false
192 silly fetch manifest @firebase/component@0.7.0
193 silly packumentCache full:https://registry.npmjs.org/@firebase%2fcomponent cache-miss
194 http fetch GET 200 https://registry.npmjs.org/@firebase%2fcomponent 7271ms (cache miss)
195 silly packumentCache full:https://registry.npmjs.org/@firebase%2fcomponent set size:undefined disposed:false
196 silly fetch manifest @firebase/analytics-types@0.8.3
197 silly packumentCache full:https://registry.npmjs.org/@firebase%2fanalytics-types cache-miss
198 http fetch GET 200 https://registry.npmjs.org/@firebase%2fcomponent 4020ms (cache miss)
199 silly packumentCache full:https://registry.npmjs.org/@firebase%2fcomponent set size:undefined disposed:false
200 silly fetch manifest @firebase/app-check-types@0.5.3
201 silly packumentCache full:https://registry.npmjs.org/@firebase%2fapp-check-types cache-miss
202 http fetch GET 200 https://registry.npmjs.org/@firebase%2fcomponent 4557ms (cache miss)
203 silly packumentCache full:https://registry.npmjs.org/@firebase%2fcomponent set size:undefined disposed:false
204 silly fetch manifest @firebase/auth-types@0.13.0
205 silly packumentCache full:https://registry.npmjs.org/@firebase%2fauth-types cache-miss
206 http fetch GET 200 https://registry.npmjs.org/@firebase%2fapp-check-types 2828ms (cache miss)
207 silly packumentCache full:https://registry.npmjs.org/@firebase%2fapp-check-types set size:undefined disposed:false
208 silly fetch manifest @firebase/auth-interop-types@0.2.4
209 silly packumentCache full:https://registry.npmjs.org/@firebase%2fauth-interop-types cache-miss
210 http fetch GET 200 https://registry.npmjs.org/@firebase%2fauth-types 4388ms (cache miss)
211 silly packumentCache full:https://registry.npmjs.org/@firebase%2fauth-types set size:undefined disposed:false
212 silly fetch manifest faye-websocket@0.11.4
213 silly packumentCache full:https://registry.npmjs.org/faye-websocket cache-miss
214 http fetch GET 200 https://registry.npmjs.org/@firebase%2fanalytics-types 5283ms (cache miss)
215 silly packumentCache full:https://registry.npmjs.org/@firebase%2fanalytics-types set size:undefined disposed:false
216 silly fetch manifest @firebase/auth-interop-types@0.2.4
217 silly packumentCache full:https://registry.npmjs.org/@firebase%2fauth-interop-types cache-miss
218 http fetch GET 200 https://registry.npmjs.org/faye-websocket 122ms (cache miss)
219 silly packumentCache full:https://registry.npmjs.org/faye-websocket set size:undefined disposed:false
220 silly fetch manifest @firebase/database-types@1.0.16
221 silly packumentCache full:https://registry.npmjs.org/@firebase%2fdatabase-types cache-miss
222 http fetch GET 200 https://registry.npmjs.org/@firebase%2fauth-interop-types 3702ms (cache miss)
223 silly packumentCache full:https://registry.npmjs.org/@firebase%2fauth-interop-types set size:undefined disposed:false
224 silly fetch manifest @grpc/grpc-js@~1.9.0
225 silly packumentCache full:https://registry.npmjs.org/@grpc%2fgrpc-js cache-miss
226 http fetch GET 200 https://registry.npmjs.org/@grpc%2fgrpc-js 386ms (cache miss)
227 silly packumentCache full:https://registry.npmjs.org/@grpc%2fgrpc-js set size:undefined disposed:false
228 silly fetch manifest @grpc/proto-loader@^0.7.8
229 silly packumentCache full:https://registry.npmjs.org/@grpc%2fproto-loader cache-miss
230 http fetch GET 200 https://registry.npmjs.org/@grpc%2fproto-loader 526ms (cache miss)
231 silly packumentCache full:https://registry.npmjs.org/@grpc%2fproto-loader set size:undefined disposed:false
232 silly fetch manifest @firebase/webchannel-wrapper@1.0.5
233 silly packumentCache full:https://registry.npmjs.org/@firebase%2fwebchannel-wrapper cache-miss
234 http fetch GET 200 https://registry.npmjs.org/@firebase%2fauth-interop-types 3804ms (cache miss)
235 silly packumentCache full:https://registry.npmjs.org/@firebase%2fauth-interop-types set size:undefined disposed:false
236 silly fetch manifest @firebase/firestore-types@3.0.3
237 silly packumentCache full:https://registry.npmjs.org/@firebase%2ffirestore-types cache-miss
238 http fetch GET 200 https://registry.npmjs.org/@firebase%2fdatabase-types 5715ms (cache miss)
239 silly packumentCache full:https://registry.npmjs.org/@firebase%2fdatabase-types set size:undefined disposed:false
240 silly fetch manifest @firebase/messaging-interop-types@0.2.3
241 silly packumentCache full:https://registry.npmjs.org/@firebase%2fmessaging-interop-types cache-miss
242 http fetch GET 200 https://registry.npmjs.org/@firebase%2fwebchannel-wrapper 5332ms (cache miss)
243 silly packumentCache full:https://registry.npmjs.org/@firebase%2fwebchannel-wrapper set size:undefined disposed:false
244 silly fetch manifest @firebase/functions-types@0.6.3
245 silly packumentCache full:https://registry.npmjs.org/@firebase%2ffunctions-types cache-miss
246 http fetch GET 200 https://registry.npmjs.org/@firebase%2fmessaging-interop-types 2260ms (cache miss)
247 silly packumentCache full:https://registry.npmjs.org/@firebase%2fmessaging-interop-types set size:undefined disposed:false
248 silly fetch manifest @firebase/installations-types@0.5.3
249 silly packumentCache full:https://registry.npmjs.org/@firebase%2finstallations-types cache-miss
250 http fetch GET 200 https://registry.npmjs.org/@firebase%2ffirestore-types 6054ms (cache miss)
251 silly packumentCache full:https://registry.npmjs.org/@firebase%2ffirestore-types set size:undefined disposed:false
252 silly fetch manifest web-vitals@^4.2.4
253 silly packumentCache full:https://registry.npmjs.org/web-vitals cache-miss
254 http fetch GET 200 https://registry.npmjs.org/web-vitals 256ms (cache miss)
255 silly packumentCache full:https://registry.npmjs.org/web-vitals set size:undefined disposed:false
256 silly fetch manifest @firebase/performance-types@0.2.3
257 silly packumentCache full:https://registry.npmjs.org/@firebase%2fperformance-types cache-miss
258 http fetch GET 200 https://registry.npmjs.org/@firebase%2finstallations-types 4931ms (cache miss)
259 silly packumentCache full:https://registry.npmjs.org/@firebase%2finstallations-types set size:undefined disposed:false
260 silly fetch manifest @firebase/remote-config-types@0.5.0
261 silly packumentCache full:https://registry.npmjs.org/@firebase%2fremote-config-types cache-miss
262 http fetch GET 200 https://registry.npmjs.org/@firebase%2ffunctions-types 5104ms (cache miss)
263 silly packumentCache full:https://registry.npmjs.org/@firebase%2ffunctions-types set size:undefined disposed:false
264 silly fetch manifest @firebase/storage-types@0.8.3
265 silly packumentCache full:https://registry.npmjs.org/@firebase%2fstorage-types cache-miss
266 http fetch GET 200 https://registry.npmjs.org/@firebase%2fperformance-types 4090ms (cache miss)
267 silly packumentCache full:https://registry.npmjs.org/@firebase%2fperformance-types set size:undefined disposed:false
268 http fetch GET 200 https://registry.npmjs.org/@firebase%2fstorage-types 3749ms (cache miss)
269 silly packumentCache full:https://registry.npmjs.org/@firebase%2fstorage-types set size:undefined disposed:false
270 http fetch GET 200 https://registry.npmjs.org/@firebase%2fremote-config-types 5098ms (cache miss)
271 silly packumentCache full:https://registry.npmjs.org/@firebase%2fremote-config-types set size:undefined disposed:false
272 silly placeDep ROOT @firebase/app-check-interop-types@0.3.3 OK for: @firebase/ai@2.5.0 want: 0.3.3
273 silly placeDep ROOT @firebase/component@0.7.0 OK for: @firebase/ai@2.5.0 want: 0.7.0
274 silly placeDep ROOT @firebase/logger@0.5.0 OK for: @firebase/ai@2.5.0 want: 0.5.0
275 silly placeDep ROOT @firebase/analytics-types@0.8.3 OK for: @firebase/analytics-compat@0.2.25 want: 0.8.3
276 silly placeDep ROOT idb@7.1.1 OK for: @firebase/app@0.14.5 want: 7.1.1
277 silly placeDep ROOT @firebase/app-check-types@0.5.3 OK for: @firebase/app-check-compat@0.4.0 want: 0.5.3
278 silly fetch manifest @firebase/app-types@0.x
279 silly packumentCache full:https://registry.npmjs.org/@firebase%2fapp-types cache-miss
280 http cache https://registry.npmjs.org/@firebase%2fapp-types 77ms (cache hit)
281 silly packumentCache full:https://registry.npmjs.org/@firebase%2fapp-types set size:8441064 disposed:false
282 silly placeDep ROOT @firebase/auth-types@0.13.0 OK for: @firebase/auth-compat@0.6.1 want: 0.13.0
283 silly placeDep ROOT @firebase/auth-interop-types@0.2.4 OK for: @firebase/data-connect@0.3.11 want: 0.2.4
284 silly placeDep ROOT faye-websocket@0.11.4 OK for: @firebase/database@1.1.0 want: 0.11.4
285 silly fetch manifest websocket-driver@>=0.5.1
286 silly packumentCache full:https://registry.npmjs.org/websocket-driver cache-miss
287 http fetch GET 200 https://registry.npmjs.org/websocket-driver 176ms (cache miss)
288 silly packumentCache full:https://registry.npmjs.org/websocket-driver set size:undefined disposed:false
289 silly placeDep ROOT @firebase/database-types@1.0.16 OK for: @firebase/database-compat@2.1.0 want: 1.0.16
290 silly placeDep ROOT @firebase/webchannel-wrapper@1.0.5 OK for: @firebase/firestore@4.9.2 want: 1.0.5
291 silly placeDep ROOT @grpc/grpc-js@1.9.15 OK for: @firebase/firestore@4.9.2 want: ~1.9.0
292 silly placeDep ROOT @grpc/proto-loader@0.7.15 OK for: @firebase/firestore@4.9.2 want: ^0.7.8
293 silly fetch manifest @types/node@>=12.12.47
294 silly packumentCache full:https://registry.npmjs.org/@types%2fnode cache-miss
295 silly fetch manifest long@^5.0.0
296 silly packumentCache full:https://registry.npmjs.org/long cache-miss
297 silly fetch manifest yargs@^17.7.2
298 silly packumentCache full:https://registry.npmjs.org/yargs cache-miss
299 http fetch GET 200 https://registry.npmjs.org/long 189ms (cache miss)
300 silly packumentCache full:https://registry.npmjs.org/long set size:undefined disposed:false
301 silly fetch manifest protobufjs@^7.2.5
302 silly packumentCache full:https://registry.npmjs.org/protobufjs cache-miss
303 http fetch GET 200 https://registry.npmjs.org/yargs 341ms (cache miss)
304 silly packumentCache full:https://registry.npmjs.org/yargs set size:undefined disposed:false
305 silly fetch manifest lodash.camelcase@^4.3.0
306 silly packumentCache full:https://registry.npmjs.org/lodash.camelcase cache-miss
307 http fetch GET 200 https://registry.npmjs.org/protobufjs 262ms (cache miss)
308 silly packumentCache full:https://registry.npmjs.org/protobufjs set size:undefined disposed:false
309 http fetch GET 200 https://registry.npmjs.org/lodash.camelcase 269ms (cache miss)
310 silly packumentCache full:https://registry.npmjs.org/lodash.camelcase set size:undefined disposed:false
311 http fetch GET 200 https://registry.npmjs.org/@types%2fnode 1456ms (cache miss)
312 silly packumentCache full:https://registry.npmjs.org/@types%2fnode set size:undefined disposed:false
313 silly placeDep ROOT @firebase/firestore-types@3.0.3 OK for: @firebase/firestore-compat@0.4.2 want: 3.0.3
314 silly placeDep ROOT @firebase/messaging-interop-types@0.2.3 OK for: @firebase/functions@0.13.1 want: 0.2.3
315 silly placeDep ROOT @firebase/functions-types@0.6.3 OK for: @firebase/functions-compat@0.4.1 want: 0.6.3
316 silly placeDep ROOT @firebase/installations-types@0.5.3 OK for: @firebase/installations-compat@0.2.19 want: 0.5.3
317 silly placeDep ROOT web-vitals@4.2.4 OK for: @firebase/performance@0.7.9 want: ^4.2.4
318 silly placeDep ROOT @firebase/performance-types@0.2.3 OK for: @firebase/performance-compat@0.2.22 want: 0.2.3
319 silly placeDep ROOT @firebase/remote-config-types@0.5.0 OK for: @firebase/remote-config-compat@0.2.20 want: 0.5.0
320 silly placeDep ROOT @firebase/storage-types@0.8.3 OK for: @firebase/storage-compat@0.4.0 want: 0.8.3
321 silly placeDep ROOT @types/node@24.9.2 OK for: @grpc/grpc-js@1.9.15 want: >=12.12.47
322 silly fetch manifest undici-types@~7.16.0
323 silly packumentCache full:https://registry.npmjs.org/undici-types cache-miss
324 http fetch GET 200 https://registry.npmjs.org/undici-types 251ms (cache miss)
325 silly packumentCache full:https://registry.npmjs.org/undici-types set size:undefined disposed:false
326 silly placeDep ROOT lodash.camelcase@4.3.0 OK for: @grpc/proto-loader@0.7.15 want: ^4.3.0
327 silly placeDep ROOT long@5.3.2 OK for: @grpc/proto-loader@0.7.15 want: ^5.0.0
328 silly placeDep ROOT protobufjs@7.5.4 OK for: @grpc/proto-loader@0.7.15 want: ^7.2.5
329 silly placeDep ROOT yargs@17.7.2 OK for: @grpc/proto-loader@0.7.15 want: ^17.7.2
330 silly fetch manifest @protobufjs/aspromise@^1.1.2
331 silly packumentCache full:https://registry.npmjs.org/@protobufjs%2faspromise cache-miss
332 silly fetch manifest @protobufjs/base64@^1.1.2
333 silly packumentCache full:https://registry.npmjs.org/@protobufjs%2fbase64 cache-miss
334 silly fetch manifest @protobufjs/codegen@^2.0.4
335 silly packumentCache full:https://registry.npmjs.org/@protobufjs%2fcodegen cache-miss
336 http fetch GET 200 https://registry.npmjs.org/@protobufjs%2fbase64 186ms (cache miss)
337 silly packumentCache full:https://registry.npmjs.org/@protobufjs%2fbase64 set size:undefined disposed:false
338 silly fetch manifest @protobufjs/eventemitter@^1.1.0
339 silly packumentCache full:https://registry.npmjs.org/@protobufjs%2feventemitter cache-miss
340 http fetch GET 200 https://registry.npmjs.org/@protobufjs%2faspromise 200ms (cache miss)
341 silly packumentCache full:https://registry.npmjs.org/@protobufjs%2faspromise set size:undefined disposed:false
342 silly fetch manifest @protobufjs/fetch@^1.1.0
343 silly packumentCache full:https://registry.npmjs.org/@protobufjs%2ffetch cache-miss
344 http fetch GET 200 https://registry.npmjs.org/@protobufjs%2fcodegen 203ms (cache miss)
345 silly packumentCache full:https://registry.npmjs.org/@protobufjs%2fcodegen set size:undefined disposed:false
346 silly fetch manifest @protobufjs/float@^1.0.2
347 silly packumentCache full:https://registry.npmjs.org/@protobufjs%2ffloat cache-miss
348 http fetch GET 200 https://registry.npmjs.org/@protobufjs%2feventemitter 152ms (cache miss)
349 silly packumentCache full:https://registry.npmjs.org/@protobufjs%2feventemitter set size:undefined disposed:false
350 silly fetch manifest @protobufjs/inquire@^1.1.0
351 silly packumentCache full:https://registry.npmjs.org/@protobufjs%2finquire cache-miss
352 http fetch GET 200 https://registry.npmjs.org/@protobufjs%2ffetch 149ms (cache miss)
353 silly packumentCache full:https://registry.npmjs.org/@protobufjs%2ffetch set size:undefined disposed:false
354 silly fetch manifest @protobufjs/path@^1.1.2
355 silly packumentCache full:https://registry.npmjs.org/@protobufjs%2fpath cache-miss
356 http fetch GET 200 https://registry.npmjs.org/@protobufjs%2ffloat 153ms (cache miss)
357 silly packumentCache full:https://registry.npmjs.org/@protobufjs%2ffloat set size:undefined disposed:false
358 silly fetch manifest @protobufjs/pool@^1.1.0
359 silly packumentCache full:https://registry.npmjs.org/@protobufjs%2fpool cache-miss
360 http fetch GET 200 https://registry.npmjs.org/@protobufjs%2finquire 152ms (cache miss)
361 silly packumentCache full:https://registry.npmjs.org/@protobufjs%2finquire set size:undefined disposed:false
362 silly fetch manifest @protobufjs/utf8@^1.1.0
363 silly packumentCache full:https://registry.npmjs.org/@protobufjs%2futf8 cache-miss
364 http fetch GET 200 https://registry.npmjs.org/@protobufjs%2fpath 152ms (cache miss)
365 silly packumentCache full:https://registry.npmjs.org/@protobufjs%2fpath set size:undefined disposed:false
366 silly fetch manifest y18n@^5.0.5
367 silly packumentCache full:https://registry.npmjs.org/y18n cache-miss
368 http fetch GET 200 https://registry.npmjs.org/@protobufjs%2fpool 168ms (cache miss)
369 silly packumentCache full:https://registry.npmjs.org/@protobufjs%2fpool set size:undefined disposed:false
370 silly fetch manifest cliui@^8.0.1
371 silly packumentCache full:https://registry.npmjs.org/cliui cache-miss
372 http fetch GET 200 https://registry.npmjs.org/y18n 161ms (cache miss)
373 silly packumentCache full:https://registry.npmjs.org/y18n set size:undefined disposed:false
374 silly fetch manifest escalade@^3.1.1
375 silly packumentCache full:https://registry.npmjs.org/escalade cache-miss
376 http fetch GET 200 https://registry.npmjs.org/@protobufjs%2futf8 189ms (cache miss)
377 silly packumentCache full:https://registry.npmjs.org/@protobufjs%2futf8 set size:undefined disposed:false
378 silly fetch manifest string-width@^4.2.3
379 silly packumentCache full:https://registry.npmjs.org/string-width cache-miss
380 http fetch GET 200 https://registry.npmjs.org/cliui 162ms (cache miss)
381 silly packumentCache full:https://registry.npmjs.org/cliui set size:undefined disposed:false
382 silly fetch manifest yargs-parser@^21.1.1
383 silly packumentCache full:https://registry.npmjs.org/yargs-parser cache-miss
384 http fetch GET 200 https://registry.npmjs.org/escalade 254ms (cache miss)
385 silly packumentCache full:https://registry.npmjs.org/escalade set size:undefined disposed:false
386 silly fetch manifest get-caller-file@^2.0.5
387 silly packumentCache full:https://registry.npmjs.org/get-caller-file cache-miss
388 http fetch GET 200 https://registry.npmjs.org/string-width 250ms (cache miss)
389 silly packumentCache full:https://registry.npmjs.org/string-width set size:undefined disposed:false
390 silly fetch manifest require-directory@^2.1.1
391 silly packumentCache full:https://registry.npmjs.org/require-directory cache-miss
392 http fetch GET 200 https://registry.npmjs.org/yargs-parser 260ms (cache miss)
393 silly packumentCache full:https://registry.npmjs.org/yargs-parser set size:undefined disposed:false
394 http fetch GET 200 https://registry.npmjs.org/get-caller-file 190ms (cache miss)
395 silly packumentCache full:https://registry.npmjs.org/get-caller-file set size:undefined disposed:false
396 http fetch GET 200 https://registry.npmjs.org/require-directory 187ms (cache miss)
397 silly packumentCache full:https://registry.npmjs.org/require-directory set size:undefined disposed:false
398 silly placeDep ROOT undici-types@7.16.0 OK for: @types/node@24.9.2 want: ~7.16.0
399 silly placeDep ROOT websocket-driver@0.7.4 OK for: faye-websocket@0.11.4 want: >=0.5.1
400 silly fetch manifest http-parser-js@>=0.5.1
401 silly packumentCache full:https://registry.npmjs.org/http-parser-js cache-miss
402 silly fetch manifest safe-buffer@>=5.1.0
403 silly packumentCache full:https://registry.npmjs.org/safe-buffer cache-miss
404 silly fetch manifest websocket-extensions@>=0.1.1
405 silly packumentCache full:https://registry.npmjs.org/websocket-extensions cache-miss
406 http fetch GET 200 https://registry.npmjs.org/safe-buffer 176ms (cache miss)
407 silly packumentCache full:https://registry.npmjs.org/safe-buffer set size:undefined disposed:false
408 http fetch GET 200 https://registry.npmjs.org/http-parser-js 183ms (cache miss)
409 silly packumentCache full:https://registry.npmjs.org/http-parser-js set size:undefined disposed:false
410 http fetch GET 200 https://registry.npmjs.org/websocket-extensions 191ms (cache miss)
411 silly packumentCache full:https://registry.npmjs.org/websocket-extensions set size:undefined disposed:false
412 silly placeDep ROOT @protobufjs/aspromise@1.1.2 OK for: protobufjs@7.5.4 want: ^1.1.2
413 silly placeDep ROOT @protobufjs/base64@1.1.2 OK for: protobufjs@7.5.4 want: ^1.1.2
414 silly placeDep ROOT @protobufjs/codegen@2.0.4 OK for: protobufjs@7.5.4 want: ^2.0.4
415 silly placeDep ROOT @protobufjs/eventemitter@1.1.0 OK for: protobufjs@7.5.4 want: ^1.1.0
416 silly placeDep ROOT @protobufjs/fetch@1.1.0 OK for: protobufjs@7.5.4 want: ^1.1.0
417 silly placeDep ROOT @protobufjs/float@1.0.2 OK for: protobufjs@7.5.4 want: ^1.0.2
418 silly placeDep ROOT @protobufjs/inquire@1.1.0 OK for: protobufjs@7.5.4 want: ^1.1.0
419 silly placeDep ROOT @protobufjs/path@1.1.2 OK for: protobufjs@7.5.4 want: ^1.1.2
420 silly placeDep ROOT @protobufjs/pool@1.1.0 OK for: protobufjs@7.5.4 want: ^1.1.0
421 silly placeDep ROOT @protobufjs/utf8@1.1.0 OK for: protobufjs@7.5.4 want: ^1.1.0
422 silly placeDep ROOT http-parser-js@0.5.10 OK for: websocket-driver@0.7.4 want: >=0.5.1
423 silly placeDep ROOT safe-buffer@5.2.1 OK for: websocket-driver@0.7.4 want: >=5.1.0
424 silly placeDep ROOT websocket-extensions@0.1.4 OK for: websocket-driver@0.7.4 want: >=0.1.1
425 silly placeDep ROOT cliui@8.0.1 OK for: yargs@17.7.2 want: ^8.0.1
426 silly placeDep ROOT escalade@3.2.0 OK for: yargs@17.7.2 want: ^3.1.1
427 silly placeDep ROOT get-caller-file@2.0.5 OK for: yargs@17.7.2 want: ^2.0.5
428 silly placeDep ROOT require-directory@2.1.1 OK for: yargs@17.7.2 want: ^2.1.1
429 silly placeDep ROOT string-width@4.2.3 OK for: yargs@17.7.2 want: ^4.2.3
430 silly placeDep ROOT y18n@5.0.8 OK for: yargs@17.7.2 want: ^5.0.5
431 silly placeDep ROOT yargs-parser@21.1.1 OK for: yargs@17.7.2 want: ^21.1.1
432 silly fetch manifest wrap-ansi@^7.0.0
433 silly packumentCache full:https://registry.npmjs.org/wrap-ansi cache-miss
434 silly fetch manifest strip-ansi@^6.0.1
435 silly packumentCache full:https://registry.npmjs.org/strip-ansi cache-miss
436 silly fetch manifest string-width@^4.2.0
437 silly packumentCache full:https://registry.npmjs.org/string-width cache-miss
438 http cache https://registry.npmjs.org/string-width 12ms (cache hit)
439 silly packumentCache full:https://registry.npmjs.org/string-width set size:64158 disposed:false
440 silly fetch manifest strip-ansi@^6.0.1
441 silly packumentCache full:https://registry.npmjs.org/strip-ansi cache-miss
442 http fetch GET 200 https://registry.npmjs.org/wrap-ansi 168ms (cache miss)
443 silly packumentCache full:https://registry.npmjs.org/wrap-ansi set size:undefined disposed:false
444 silly fetch manifest emoji-regex@^8.0.0
445 silly packumentCache full:https://registry.npmjs.org/emoji-regex cache-miss
446 http fetch GET 200 https://registry.npmjs.org/strip-ansi 183ms (cache miss)
447 silly packumentCache full:https://registry.npmjs.org/strip-ansi set size:undefined disposed:false
448 silly fetch manifest is-fullwidth-code-point@^3.0.0
449 silly packumentCache full:https://registry.npmjs.org/is-fullwidth-code-point cache-miss
450 http fetch GET 200 https://registry.npmjs.org/strip-ansi 173ms (cache miss)
451 silly packumentCache full:https://registry.npmjs.org/strip-ansi set size:undefined disposed:false
452 http fetch GET 200 https://registry.npmjs.org/is-fullwidth-code-point 321ms (cache miss)
453 silly packumentCache full:https://registry.npmjs.org/is-fullwidth-code-point set size:undefined disposed:false
454 http fetch GET 200 https://registry.npmjs.org/emoji-regex 335ms (cache miss)
455 silly packumentCache full:https://registry.npmjs.org/emoji-regex set size:undefined disposed:false
456 silly placeDep ROOT strip-ansi@6.0.1 OK for: cliui@8.0.1 want: ^6.0.1
457 silly placeDep ROOT wrap-ansi@7.0.0 OK for: cliui@8.0.1 want: ^7.0.0
458 silly fetch manifest ansi-regex@^5.0.1
459 silly packumentCache full:https://registry.npmjs.org/ansi-regex cache-miss
460 silly fetch manifest ansi-styles@^4.0.0
461 silly packumentCache full:https://registry.npmjs.org/ansi-styles cache-miss
462 http fetch GET 200 https://registry.npmjs.org/ansi-regex 219ms (cache miss)
463 silly packumentCache full:https://registry.npmjs.org/ansi-regex set size:undefined disposed:false
464 http fetch GET 200 https://registry.npmjs.org/ansi-styles 225ms (cache miss)
465 silly packumentCache full:https://registry.npmjs.org/ansi-styles set size:undefined disposed:false
466 silly placeDep ROOT emoji-regex@8.0.0 OK for: string-width@4.2.3 want: ^8.0.0
467 silly placeDep ROOT is-fullwidth-code-point@3.0.0 OK for: string-width@4.2.3 want: ^3.0.0
468 silly placeDep ROOT ansi-regex@5.0.1 OK for: strip-ansi@6.0.1 want: ^5.0.1
469 silly placeDep ROOT ansi-styles@4.3.0 OK for: wrap-ansi@7.0.0 want: ^4.0.0
470 silly fetch manifest color-convert@^2.0.1
471 silly packumentCache full:https://registry.npmjs.org/color-convert cache-miss
472 http fetch GET 200 https://registry.npmjs.org/color-convert 198ms (cache miss)
473 silly packumentCache full:https://registry.npmjs.org/color-convert set size:undefined disposed:false
474 silly placeDep ROOT color-convert@2.0.1 OK for: ansi-styles@4.3.0 want: ^2.0.1
475 silly fetch manifest color-name@~1.1.4
476 silly packumentCache full:https://registry.npmjs.org/color-name cache-miss
477 http fetch GET 200 https://registry.npmjs.org/color-name 186ms (cache miss)
478 silly packumentCache full:https://registry.npmjs.org/color-name set size:undefined disposed:false
479 silly placeDep ROOT color-name@1.1.4 OK for: color-convert@2.0.1 want: ~1.1.4
480 silly reify moves {}
481 silly audit bulk request {
481 silly audit   '@babel/runtime': [ '7.28.4' ],
481 silly audit   '@popperjs/core': [ '2.11.8' ],
481 silly audit   '@react-aria/ssr': [ '3.9.10' ],
481 silly audit   '@restart/hooks': [ '0.4.16', '0.5.1' ],
481 silly audit   '@restart/ui': [ '1.9.4' ],
481 silly audit   uncontrollable: [ '8.0.4', '7.2.1' ],
481 silly audit   '@swc/helpers': [ '0.5.17' ],
481 silly audit   '@types/prop-types': [ '15.7.15' ],
481 silly audit   '@types/react': [ '19.2.2' ],
481 silly audit   '@types/react-transition-group': [ '4.4.12' ],
481 silly audit   '@types/warning': [ '3.0.3' ],
481 silly audit   asynckit: [ '0.4.0' ],
481 silly audit   axios: [ '1.13.1' ],
481 silly audit   bootstrap: [ '5.3.8' ],
481 silly audit   'call-bind-apply-helpers': [ '1.0.2' ],
481 silly audit   classnames: [ '2.5.1' ],
481 silly audit   'combined-stream': [ '1.0.8' ],
481 silly audit   csstype: [ '3.1.3' ],
481 silly audit   'delayed-stream': [ '1.0.0' ],
481 silly audit   dequal: [ '2.0.3' ],
481 silly audit   'dom-helpers': [ '5.2.1' ],
481 silly audit   'dunder-proto': [ '1.0.1' ],
481 silly audit   'es-define-property': [ '1.0.1' ],
481 silly audit   'es-errors': [ '1.3.0' ],
481 silly audit   'es-object-atoms': [ '1.1.1' ],
481 silly audit   'es-set-tostringtag': [ '2.1.0' ],
481 silly audit   'follow-redirects': [ '1.15.11' ],
481 silly audit   'form-data': [ '4.0.4' ],
481 silly audit   'function-bind': [ '1.1.2' ],
481 silly audit   'get-intrinsic': [ '1.3.0' ],
481 silly audit   'get-proto': [ '1.0.1' ],
481 silly audit   gopd: [ '1.2.0' ],
481 silly audit   'has-symbols': [ '1.1.0' ],
481 silly audit   'has-tostringtag': [ '1.0.2' ],
481 silly audit   hasown: [ '2.0.2' ],
481 silly audit   invariant: [ '2.2.4' ],
481 silly audit   'js-tokens': [ '4.0.0' ],
481 silly audit   'loose-envify': [ '1.4.0' ],
481 silly audit   'math-intrinsics': [ '1.1.0' ],
481 silly audit   'mime-db': [ '1.52.0' ],
481 silly audit   'mime-types': [ '2.1.35' ],
481 silly audit   'object-assign': [ '4.1.1' ],
481 silly audit   'prop-types': [ '15.8.1' ],
481 silly audit   'prop-types-extra': [ '1.1.1' ],
481 silly audit   'proxy-from-env': [ '1.1.0' ],
481 silly audit   react: [ '19.2.0' ],
481 silly audit   'react-bootstrap': [ '2.10.10' ],
481 silly audit   'react-dom': [ '19.2.0' ],
481 silly audit   'react-is': [ '16.13.1' ],
481 silly audit   'react-lifecycles-compat': [ '3.0.4' ],
481 silly audit   'react-transition-group': [ '4.4.5' ],
481 silly audit   scheduler: [ '0.27.0' ],
481 silly audit   tslib: [ '2.8.1' ],
481 silly audit   warning: [ '4.0.3' ],
481 silly audit   firebase: [ '12.5.0' ],
481 silly audit   '@firebase/ai': [ '2.5.0' ],
481 silly audit   '@firebase/app': [ '0.14.5' ],
481 silly audit   '@firebase/app-types': [ '0.9.3' ],
481 silly audit   '@firebase/analytics': [ '0.10.19' ],
481 silly audit   '@firebase/analytics-compat': [ '0.2.25' ],
481 silly audit   '@firebase/app-compat': [ '0.5.5' ],
481 silly audit   '@firebase/app-check': [ '0.11.0' ],
481 silly audit   '@firebase/app-check-compat': [ '0.4.0' ],
481 silly audit   '@firebase/auth': [ '1.11.1' ],
481 silly audit   '@firebase/auth-compat': [ '0.6.1' ],
481 silly audit   '@firebase/data-connect': [ '0.3.11' ],
481 silly audit   '@firebase/database': [ '1.1.0' ],
481 silly audit   '@firebase/database-compat': [ '2.1.0' ],
481 silly audit   '@firebase/firestore': [ '4.9.2' ],
481 silly audit   '@firebase/firestore-compat': [ '0.4.2' ],
481 silly audit   '@firebase/functions': [ '0.13.1' ],
481 silly audit   '@firebase/functions-compat': [ '0.4.1' ],
481 silly audit   '@firebase/installations': [ '0.6.19' ],
481 silly audit   '@firebase/installations-compat': [ '0.2.19' ],
481 silly audit   '@firebase/messaging': [ '0.12.23' ],
481 silly audit   '@firebase/messaging-compat': [ '0.2.23' ],
481 silly audit   '@firebase/performance': [ '0.7.9' ],
481 silly audit   '@firebase/performance-compat': [ '0.2.22' ],
481 silly audit   '@firebase/remote-config': [ '0.7.0' ],
481 silly audit   '@firebase/remote-config-compat': [ '0.2.20' ],
481 silly audit   '@firebase/storage': [ '0.14.0' ],
481 silly audit   '@firebase/storage-compat': [ '0.4.0' ],
481 silly audit   '@firebase/util': [ '1.13.0' ],
481 silly audit   '@firebase/app-check-interop-types': [ '0.3.3' ],
481 silly audit   '@firebase/component': [ '0.7.0' ],
481 silly audit   '@firebase/logger': [ '0.5.0' ],
481 silly audit   '@firebase/analytics-types': [ '0.8.3' ],
481 silly audit   idb: [ '7.1.1' ],
481 silly audit   '@firebase/app-check-types': [ '0.5.3' ],
481 silly audit   '@firebase/auth-types': [ '0.13.0' ],
481 silly audit   '@firebase/auth-interop-types': [ '0.2.4' ],
481 silly audit   'faye-websocket': [ '0.11.4' ],
481 silly audit   '@firebase/database-types': [ '1.0.16' ],
481 silly audit   '@firebase/webchannel-wrapper': [ '1.0.5' ],
481 silly audit   '@grpc/grpc-js': [ '1.9.15' ],
481 silly audit   '@grpc/proto-loader': [ '0.7.15' ],
481 silly audit   '@firebase/firestore-types': [ '3.0.3' ],
481 silly audit   '@firebase/messaging-interop-types': [ '0.2.3' ],
481 silly audit   '@firebase/functions-types': [ '0.6.3' ],
481 silly audit   '@firebase/installations-types': [ '0.5.3' ],
481 silly audit   'web-vitals': [ '4.2.4' ],
481 silly audit   '@firebase/performance-types': [ '0.2.3' ],
481 silly audit   '@firebase/remote-config-types': [ '0.5.0' ],
481 silly audit   '@firebase/storage-types': [ '0.8.3' ],
481 silly audit   '@types/node': [ '24.9.2' ],
481 silly audit   'lodash.camelcase': [ '4.3.0' ],
481 silly audit   long: [ '5.3.2' ],
481 silly audit   protobufjs: [ '7.5.4' ],
481 silly audit   yargs: [ '17.7.2' ],
481 silly audit   'undici-types': [ '7.16.0' ],
481 silly audit   'websocket-driver': [ '0.7.4' ],
481 silly audit   '@protobufjs/aspromise': [ '1.1.2' ],
481 silly audit   '@protobufjs/base64': [ '1.1.2' ],
481 silly audit   '@protobufjs/codegen': [ '2.0.4' ],
481 silly audit   '@protobufjs/eventemitter': [ '1.1.0' ],
481 silly audit   '@protobufjs/fetch': [ '1.1.0' ],
481 silly audit   '@protobufjs/float': [ '1.0.2' ],
481 silly audit   '@protobufjs/inquire': [ '1.1.0' ],
481 silly audit   '@protobufjs/path': [ '1.1.2' ],
481 silly audit   '@protobufjs/pool': [ '1.1.0' ],
481 silly audit   '@protobufjs/utf8': [ '1.1.0' ],
481 silly audit   'http-parser-js': [ '0.5.10' ],
481 silly audit   'safe-buffer': [ '5.2.1' ],
481 silly audit   'websocket-extensions': [ '0.1.4' ],
481 silly audit   cliui: [ '8.0.1' ],
481 silly audit   escalade: [ '3.2.0' ],
481 silly audit   'get-caller-file': [ '2.0.5' ],
481 silly audit   'require-directory': [ '2.1.1' ],
481 silly audit   'string-width': [ '4.2.3' ],
481 silly audit   y18n: [ '5.0.8' ],
481 silly audit   'yargs-parser': [ '21.1.1' ],
481 silly audit   'strip-ansi': [ '6.0.1' ],
481 silly audit   'wrap-ansi': [ '7.0.0' ],
481 silly audit   'emoji-regex': [ '8.0.0' ],
481 silly audit   'is-fullwidth-code-point': [ '3.0.0' ],
481 silly audit   'ansi-regex': [ '5.0.1' ],
481 silly audit   'ansi-styles': [ '4.3.0' ],
481 silly audit   'color-convert': [ '2.0.1' ],
481 silly audit   'color-name': [ '1.1.4' ]
481 silly audit }
482 http cache color-convert@https://registry.npmjs.org/color-convert/-/color-convert-2.0.1.tgz 0ms (cache hit)
483 http cache ansi-styles@https://registry.npmjs.org/ansi-styles/-/ansi-styles-4.3.0.tgz 0ms (cache hit)
484 http cache color-name@https://registry.npmjs.org/color-name/-/color-name-1.1.4.tgz 0ms (cache hit)
485 http cache ansi-regex@https://registry.npmjs.org/ansi-regex/-/ansi-regex-5.0.1.tgz 0ms (cache hit)
486 http cache is-fullwidth-code-point@https://registry.npmjs.org/is-fullwidth-code-point/-/is-fullwidth-code-point-3.0.0.tgz 0ms (cache hit)
487 http cache emoji-regex@https://registry.npmjs.org/emoji-regex/-/emoji-regex-8.0.0.tgz 0ms (cache hit)
488 http cache wrap-ansi@https://registry.npmjs.org/wrap-ansi/-/wrap-ansi-7.0.0.tgz 0ms (cache hit)
489 http cache yargs-parser@https://registry.npmjs.org/yargs-parser/-/yargs-parser-21.1.1.tgz 0ms (cache hit)
490 http cache string-width@https://registry.npmjs.org/string-width/-/string-width-4.2.3.tgz 0ms (cache hit)
491 http cache y18n@https://registry.npmjs.org/y18n/-/y18n-5.0.8.tgz 0ms (cache hit)
492 http cache require-directory@https://registry.npmjs.org/require-directory/-/require-directory-2.1.1.tgz 0ms (cache hit)
493 http cache strip-ansi@https://registry.npmjs.org/strip-ansi/-/strip-ansi-6.0.1.tgz 0ms (cache hit)
494 http cache get-caller-file@https://registry.npmjs.org/get-caller-file/-/get-caller-file-2.0.5.tgz 0ms (cache hit)
495 http cache escalade@https://registry.npmjs.org/escalade/-/escalade-3.2.0.tgz 0ms (cache hit)
496 http cache websocket-extensions@https://registry.npmjs.org/websocket-extensions/-/websocket-extensions-0.1.4.tgz 0ms (cache hit)
497 http cache safe-buffer@https://registry.npmjs.org/safe-buffer/-/safe-buffer-5.2.1.tgz 0ms (cache hit)
498 http cache http-parser-js@https://registry.npmjs.org/http-parser-js/-/http-parser-js-0.5.10.tgz 0ms (cache hit)
499 http cache @protobufjs/utf8@https://registry.npmjs.org/@protobufjs/utf8/-/utf8-1.1.0.tgz 0ms (cache hit)
500 http cache @protobufjs/pool@https://registry.npmjs.org/@protobufjs/pool/-/pool-1.1.0.tgz 0ms (cache hit)
501 http cache @protobufjs/path@https://registry.npmjs.org/@protobufjs/path/-/path-1.1.2.tgz 0ms (cache hit)
502 http cache @protobufjs/inquire@https://registry.npmjs.org/@protobufjs/inquire/-/inquire-1.1.0.tgz 0ms (cache hit)
503 http cache cliui@https://registry.npmjs.org/cliui/-/cliui-8.0.1.tgz 0ms (cache hit)
504 http cache @protobufjs/fetch@https://registry.npmjs.org/@protobufjs/fetch/-/fetch-1.1.0.tgz 1ms (cache hit)
505 http cache @protobufjs/float@https://registry.npmjs.org/@protobufjs/float/-/float-1.0.2.tgz 0ms (cache hit)
506 http cache @protobufjs/eventemitter@https://registry.npmjs.org/@protobufjs/eventemitter/-/eventemitter-1.1.0.tgz 0ms (cache hit)
507 http cache @protobufjs/base64@https://registry.npmjs.org/@protobufjs/base64/-/base64-1.1.2.tgz 0ms (cache hit)
508 http cache websocket-driver@https://registry.npmjs.org/websocket-driver/-/websocket-driver-0.7.4.tgz 1ms (cache hit)
509 http cache @protobufjs/aspromise@https://registry.npmjs.org/@protobufjs/aspromise/-/aspromise-1.1.2.tgz 0ms (cache hit)
510 http cache yargs@https://registry.npmjs.org/yargs/-/yargs-17.7.2.tgz 0ms (cache hit)
511 http cache undici-types@https://registry.npmjs.org/undici-types/-/undici-types-7.16.0.tgz 0ms (cache hit)
512 http cache long@https://registry.npmjs.org/long/-/long-5.3.2.tgz 0ms (cache hit)
513 http cache protobufjs@https://registry.npmjs.org/protobufjs/-/protobufjs-7.5.4.tgz 0ms (cache hit)
514 http cache @protobufjs/codegen@https://registry.npmjs.org/@protobufjs/codegen/-/codegen-2.0.4.tgz 0ms (cache hit)
515 http cache @types/node@https://registry.npmjs.org/@types/node/-/node-24.9.2.tgz 0ms (cache hit)
516 http cache lodash.camelcase@https://registry.npmjs.org/lodash.camelcase/-/lodash.camelcase-4.3.0.tgz 0ms (cache hit)
517 http cache @firebase/storage-types@https://registry.npmjs.org/@firebase/storage-types/-/storage-types-0.8.3.tgz 0ms (cache hit)
518 http cache @firebase/remote-config-types@https://registry.npmjs.org/@firebase/remote-config-types/-/remote-config-types-0.5.0.tgz 0ms (cache hit)
519 http cache @firebase/performance-types@https://registry.npmjs.org/@firebase/performance-types/-/performance-types-0.2.3.tgz 0ms (cache hit)
520 http cache web-vitals@https://registry.npmjs.org/web-vitals/-/web-vitals-4.2.4.tgz 0ms (cache hit)
521 http cache @firebase/installations-types@https://registry.npmjs.org/@firebase/installations-types/-/installations-types-0.5.3.tgz 0ms (cache hit)
522 http cache @firebase/functions-types@https://registry.npmjs.org/@firebase/functions-types/-/functions-types-0.6.3.tgz 0ms (cache hit)
523 http cache @firebase/firestore-types@https://registry.npmjs.org/@firebase/firestore-types/-/firestore-types-3.0.3.tgz 0ms (cache hit)
524 http cache @grpc/proto-loader@https://registry.npmjs.org/@grpc/proto-loader/-/proto-loader-0.7.15.tgz 1ms (cache hit)
525 http cache @grpc/grpc-js@https://registry.npmjs.org/@grpc/grpc-js/-/grpc-js-1.9.15.tgz 0ms (cache hit)
526 http cache @firebase/webchannel-wrapper@https://registry.npmjs.org/@firebase/webchannel-wrapper/-/webchannel-wrapper-1.0.5.tgz 0ms (cache hit)
527 http cache @firebase/database-types@https://registry.npmjs.org/@firebase/database-types/-/database-types-1.0.16.tgz 0ms (cache hit)
528 http cache faye-websocket@https://registry.npmjs.org/faye-websocket/-/faye-websocket-0.11.4.tgz 0ms (cache hit)
529 http cache @firebase/auth-types@https://registry.npmjs.org/@firebase/auth-types/-/auth-types-0.13.0.tgz 1ms (cache hit)
530 http cache @firebase/auth-interop-types@https://registry.npmjs.org/@firebase/auth-interop-types/-/auth-interop-types-0.2.4.tgz 0ms (cache hit)
531 http cache @firebase/app-check-types@https://registry.npmjs.org/@firebase/app-check-types/-/app-check-types-0.5.3.tgz 0ms (cache hit)
532 http cache @firebase/messaging-interop-types@https://registry.npmjs.org/@firebase/messaging-interop-types/-/messaging-interop-types-0.2.3.tgz 0ms (cache hit)
533 http cache @firebase/analytics-types@https://registry.npmjs.org/@firebase/analytics-types/-/analytics-types-0.8.3.tgz 0ms (cache hit)
534 http cache idb@https://registry.npmjs.org/idb/-/idb-7.1.1.tgz 0ms (cache hit)
535 http cache @firebase/app-check-interop-types@https://registry.npmjs.org/@firebase/app-check-interop-types/-/app-check-interop-types-0.3.3.tgz 0ms (cache hit)
536 http cache @firebase/logger@https://registry.npmjs.org/@firebase/logger/-/logger-0.5.0.tgz 0ms (cache hit)
537 http cache @firebase/component@https://registry.npmjs.org/@firebase/component/-/component-0.7.0.tgz 0ms (cache hit)
538 http cache @firebase/util@https://registry.npmjs.org/@firebase/util/-/util-1.13.0.tgz 0ms (cache hit)
539 http cache @firebase/remote-config-compat@https://registry.npmjs.org/@firebase/remote-config-compat/-/remote-config-compat-0.2.20.tgz 0ms (cache hit)
540 http cache @firebase/storage-compat@https://registry.npmjs.org/@firebase/storage-compat/-/storage-compat-0.4.0.tgz 0ms (cache hit)
541 http cache @firebase/storage@https://registry.npmjs.org/@firebase/storage/-/storage-0.14.0.tgz 0ms (cache hit)
542 http cache @firebase/remote-config@https://registry.npmjs.org/@firebase/remote-config/-/remote-config-0.7.0.tgz 0ms (cache hit)
543 http cache @firebase/messaging-compat@https://registry.npmjs.org/@firebase/messaging-compat/-/messaging-compat-0.2.23.tgz 0ms (cache hit)
544 http cache @firebase/messaging@https://registry.npmjs.org/@firebase/messaging/-/messaging-0.12.23.tgz 0ms (cache hit)
545 http cache @firebase/performance-compat@https://registry.npmjs.org/@firebase/performance-compat/-/performance-compat-0.2.22.tgz 0ms (cache hit)
546 http cache @firebase/installations-compat@https://registry.npmjs.org/@firebase/installations-compat/-/installations-compat-0.2.19.tgz 0ms (cache hit)
547 http cache @firebase/functions-compat@https://registry.npmjs.org/@firebase/functions-compat/-/functions-compat-0.4.1.tgz 0ms (cache hit)
548 http cache @firebase/installations@https://registry.npmjs.org/@firebase/installations/-/installations-0.6.19.tgz 1ms (cache hit)
549 http cache @firebase/functions@https://registry.npmjs.org/@firebase/functions/-/functions-0.13.1.tgz 0ms (cache hit)
550 http cache @firebase/firestore-compat@https://registry.npmjs.org/@firebase/firestore-compat/-/firestore-compat-0.4.2.tgz 0ms (cache hit)
551 http cache @firebase/firestore@https://registry.npmjs.org/@firebase/firestore/-/firestore-4.9.2.tgz 0ms (cache hit)
552 http cache @firebase/performance@https://registry.npmjs.org/@firebase/performance/-/performance-0.7.9.tgz 0ms (cache hit)
553 http cache @firebase/database@https://registry.npmjs.org/@firebase/database/-/database-1.1.0.tgz 0ms (cache hit)
554 http cache @firebase/database-compat@https://registry.npmjs.org/@firebase/database-compat/-/database-compat-2.1.0.tgz 0ms (cache hit)
555 http cache @firebase/auth@https://registry.npmjs.org/@firebase/auth/-/auth-1.11.1.tgz 0ms (cache hit)
556 http cache @firebase/app-check@https://registry.npmjs.org/@firebase/app-check/-/app-check-0.11.0.tgz 0ms (cache hit)
557 http cache @firebase/data-connect@https://registry.npmjs.org/@firebase/data-connect/-/data-connect-0.3.11.tgz 0ms (cache hit)
558 http cache @firebase/analytics-compat@https://registry.npmjs.org/@firebase/analytics-compat/-/analytics-compat-0.2.25.tgz 0ms (cache hit)
559 http cache @firebase/app-compat@https://registry.npmjs.org/@firebase/app-compat/-/app-compat-0.5.5.tgz 0ms (cache hit)
560 http cache @firebase/auth-compat@https://registry.npmjs.org/@firebase/auth-compat/-/auth-compat-0.6.1.tgz 1ms (cache hit)
561 http cache @firebase/app-types@https://registry.npmjs.org/@firebase/app-types/-/app-types-0.9.3.tgz 0ms (cache hit)
562 http cache @firebase/app-check-compat@https://registry.npmjs.org/@firebase/app-check-compat/-/app-check-compat-0.4.0.tgz 0ms (cache hit)
563 http cache @firebase/app@https://registry.npmjs.org/@firebase/app/-/app-0.14.5.tgz 0ms (cache hit)
564 http cache @firebase/ai@https://registry.npmjs.org/@firebase/ai/-/ai-2.5.0.tgz 0ms (cache hit)
565 http cache @firebase/analytics@https://registry.npmjs.org/@firebase/analytics/-/analytics-0.10.19.tgz 0ms (cache hit)
566 silly tarball no local data for color-convert@https://registry.npmjs.org/color-convert/-/color-convert-2.0.1.tgz. Extracting by manifest.
567 http cache firebase@https://registry.npmjs.org/firebase/-/firebase-12.5.0.tgz 0ms (cache hit)
568 silly tarball no local data for ansi-styles@https://registry.npmjs.org/ansi-styles/-/ansi-styles-4.3.0.tgz. Extracting by manifest.
569 silly tarball no local data for color-name@https://registry.npmjs.org/color-name/-/color-name-1.1.4.tgz. Extracting by manifest.
570 silly tarball no local data for ansi-regex@https://registry.npmjs.org/ansi-regex/-/ansi-regex-5.0.1.tgz. Extracting by manifest.
571 silly tarball no local data for is-fullwidth-code-point@https://registry.npmjs.org/is-fullwidth-code-point/-/is-fullwidth-code-point-3.0.0.tgz. Extracting by manifest.
572 silly tarball no local data for emoji-regex@https://registry.npmjs.org/emoji-regex/-/emoji-regex-8.0.0.tgz. Extracting by manifest.
573 silly tarball no local data for wrap-ansi@https://registry.npmjs.org/wrap-ansi/-/wrap-ansi-7.0.0.tgz. Extracting by manifest.
574 silly tarball no local data for yargs-parser@https://registry.npmjs.org/yargs-parser/-/yargs-parser-21.1.1.tgz. Extracting by manifest.
575 silly tarball no local data for string-width@https://registry.npmjs.org/string-width/-/string-width-4.2.3.tgz. Extracting by manifest.
576 silly tarball no local data for y18n@https://registry.npmjs.org/y18n/-/y18n-5.0.8.tgz. Extracting by manifest.
577 silly tarball no local data for require-directory@https://registry.npmjs.org/require-directory/-/require-directory-2.1.1.tgz. Extracting by manifest.
578 silly tarball no local data for strip-ansi@https://registry.npmjs.org/strip-ansi/-/strip-ansi-6.0.1.tgz. Extracting by manifest.
579 silly tarball no local data for get-caller-file@https://registry.npmjs.org/get-caller-file/-/get-caller-file-2.0.5.tgz. Extracting by manifest.
580 silly tarball no local data for escalade@https://registry.npmjs.org/escalade/-/escalade-3.2.0.tgz. Extracting by manifest.
581 silly tarball no local data for websocket-extensions@https://registry.npmjs.org/websocket-extensions/-/websocket-extensions-0.1.4.tgz. Extracting by manifest.
582 silly tarball no local data for safe-buffer@https://registry.npmjs.org/safe-buffer/-/safe-buffer-5.2.1.tgz. Extracting by manifest.
583 silly tarball no local data for http-parser-js@https://registry.npmjs.org/http-parser-js/-/http-parser-js-0.5.10.tgz. Extracting by manifest.
584 silly tarball no local data for @protobufjs/utf8@https://registry.npmjs.org/@protobufjs/utf8/-/utf8-1.1.0.tgz. Extracting by manifest.
585 silly tarball no local data for @protobufjs/pool@https://registry.npmjs.org/@protobufjs/pool/-/pool-1.1.0.tgz. Extracting by manifest.
586 silly tarball no local data for @protobufjs/path@https://registry.npmjs.org/@protobufjs/path/-/path-1.1.2.tgz. Extracting by manifest.
587 silly tarball no local data for @protobufjs/inquire@https://registry.npmjs.org/@protobufjs/inquire/-/inquire-1.1.0.tgz. Extracting by manifest.
588 silly tarball no local data for cliui@https://registry.npmjs.org/cliui/-/cliui-8.0.1.tgz. Extracting by manifest.
589 silly tarball no local data for @protobufjs/fetch@https://registry.npmjs.org/@protobufjs/fetch/-/fetch-1.1.0.tgz. Extracting by manifest.
590 silly tarball no local data for @protobufjs/float@https://registry.npmjs.org/@protobufjs/float/-/float-1.0.2.tgz. Extracting by manifest.
591 silly tarball no local data for @protobufjs/eventemitter@https://registry.npmjs.org/@protobufjs/eventemitter/-/eventemitter-1.1.0.tgz. Extracting by manifest.
592 silly tarball no local data for @protobufjs/base64@https://registry.npmjs.org/@protobufjs/base64/-/base64-1.1.2.tgz. Extracting by manifest.
593 silly tarball no local data for websocket-driver@https://registry.npmjs.org/websocket-driver/-/websocket-driver-0.7.4.tgz. Extracting by manifest.
594 silly tarball no local data for @protobufjs/aspromise@https://registry.npmjs.org/@protobufjs/aspromise/-/aspromise-1.1.2.tgz. Extracting by manifest.
595 silly tarball no local data for yargs@https://registry.npmjs.org/yargs/-/yargs-17.7.2.tgz. Extracting by manifest.
596 silly tarball no local data for undici-types@https://registry.npmjs.org/undici-types/-/undici-types-7.16.0.tgz. Extracting by manifest.
597 silly tarball no local data for long@https://registry.npmjs.org/long/-/long-5.3.2.tgz. Extracting by manifest.
598 silly tarball no local data for protobufjs@https://registry.npmjs.org/protobufjs/-/protobufjs-7.5.4.tgz. Extracting by manifest.
599 silly tarball no local data for @protobufjs/codegen@https://registry.npmjs.org/@protobufjs/codegen/-/codegen-2.0.4.tgz. Extracting by manifest.
600 silly tarball no local data for @types/node@https://registry.npmjs.org/@types/node/-/node-24.9.2.tgz. Extracting by manifest.
601 silly tarball no local data for lodash.camelcase@https://registry.npmjs.org/lodash.camelcase/-/lodash.camelcase-4.3.0.tgz. Extracting by manifest.
602 silly tarball no local data for @firebase/storage-types@https://registry.npmjs.org/@firebase/storage-types/-/storage-types-0.8.3.tgz. Extracting by manifest.
603 silly tarball no local data for @firebase/remote-config-types@https://registry.npmjs.org/@firebase/remote-config-types/-/remote-config-types-0.5.0.tgz. Extracting by manifest.
604 silly tarball no local data for @firebase/performance-types@https://registry.npmjs.org/@firebase/performance-types/-/performance-types-0.2.3.tgz. Extracting by manifest.
605 silly tarball no local data for web-vitals@https://registry.npmjs.org/web-vitals/-/web-vitals-4.2.4.tgz. Extracting by manifest.
606 silly tarball no local data for @firebase/installations-types@https://registry.npmjs.org/@firebase/installations-types/-/installations-types-0.5.3.tgz. Extracting by manifest.
607 silly tarball no local data for @firebase/functions-types@https://registry.npmjs.org/@firebase/functions-types/-/functions-types-0.6.3.tgz. Extracting by manifest.
608 silly tarball no local data for @firebase/firestore-types@https://registry.npmjs.org/@firebase/firestore-types/-/firestore-types-3.0.3.tgz. Extracting by manifest.
609 silly tarball no local data for @grpc/proto-loader@https://registry.npmjs.org/@grpc/proto-loader/-/proto-loader-0.7.15.tgz. Extracting by manifest.
610 silly tarball no local data for @grpc/grpc-js@https://registry.npmjs.org/@grpc/grpc-js/-/grpc-js-1.9.15.tgz. Extracting by manifest.
611 silly tarball no local data for @firebase/webchannel-wrapper@https://registry.npmjs.org/@firebase/webchannel-wrapper/-/webchannel-wrapper-1.0.5.tgz. Extracting by manifest.
612 silly tarball no local data for @firebase/database-types@https://registry.npmjs.org/@firebase/database-types/-/database-types-1.0.16.tgz. Extracting by manifest.
613 silly tarball no local data for faye-websocket@https://registry.npmjs.org/faye-websocket/-/faye-websocket-0.11.4.tgz. Extracting by manifest.
614 silly tarball no local data for @firebase/auth-types@https://registry.npmjs.org/@firebase/auth-types/-/auth-types-0.13.0.tgz. Extracting by manifest.
615 silly tarball no local data for @firebase/auth-interop-types@https://registry.npmjs.org/@firebase/auth-interop-types/-/auth-interop-types-0.2.4.tgz. Extracting by manifest.
616 silly tarball no local data for @firebase/app-check-types@https://registry.npmjs.org/@firebase/app-check-types/-/app-check-types-0.5.3.tgz. Extracting by manifest.
617 silly tarball no local data for @firebase/messaging-interop-types@https://registry.npmjs.org/@firebase/messaging-interop-types/-/messaging-interop-types-0.2.3.tgz. Extracting by manifest.
618 silly tarball no local data for @firebase/analytics-types@https://registry.npmjs.org/@firebase/analytics-types/-/analytics-types-0.8.3.tgz. Extracting by manifest.
619 silly tarball no local data for idb@https://registry.npmjs.org/idb/-/idb-7.1.1.tgz. Extracting by manifest.
620 silly tarball no local data for @firebase/app-check-interop-types@https://registry.npmjs.org/@firebase/app-check-interop-types/-/app-check-interop-types-0.3.3.tgz. Extracting by manifest.
621 silly tarball no local data for @firebase/logger@https://registry.npmjs.org/@firebase/logger/-/logger-0.5.0.tgz. Extracting by manifest.
622 silly tarball no local data for @firebase/component@https://registry.npmjs.org/@firebase/component/-/component-0.7.0.tgz. Extracting by manifest.
623 silly tarball no local data for @firebase/util@https://registry.npmjs.org/@firebase/util/-/util-1.13.0.tgz. Extracting by manifest.
624 silly tarball no local data for @firebase/remote-config-compat@https://registry.npmjs.org/@firebase/remote-config-compat/-/remote-config-compat-0.2.20.tgz. Extracting by manifest.
625 silly tarball no local data for @firebase/storage-compat@https://registry.npmjs.org/@firebase/storage-compat/-/storage-compat-0.4.0.tgz. Extracting by manifest.
626 silly tarball no local data for @firebase/storage@https://registry.npmjs.org/@firebase/storage/-/storage-0.14.0.tgz. Extracting by manifest.
627 silly tarball no local data for @firebase/remote-config@https://registry.npmjs.org/@firebase/remote-config/-/remote-config-0.7.0.tgz. Extracting by manifest.
628 silly tarball no local data for @firebase/messaging-compat@https://registry.npmjs.org/@firebase/messaging-compat/-/messaging-compat-0.2.23.tgz. Extracting by manifest.
629 silly tarball no local data for @firebase/messaging@https://registry.npmjs.org/@firebase/messaging/-/messaging-0.12.23.tgz. Extracting by manifest.
630 silly tarball no local data for @firebase/performance-compat@https://registry.npmjs.org/@firebase/performance-compat/-/performance-compat-0.2.22.tgz. Extracting by manifest.
631 silly tarball no local data for @firebase/installations-compat@https://registry.npmjs.org/@firebase/installations-compat/-/installations-compat-0.2.19.tgz. Extracting by manifest.
632 silly tarball no local data for @firebase/functions-compat@https://registry.npmjs.org/@firebase/functions-compat/-/functions-compat-0.4.1.tgz. Extracting by manifest.
633 silly tarball no local data for @firebase/installations@https://registry.npmjs.org/@firebase/installations/-/installations-0.6.19.tgz. Extracting by manifest.
634 silly tarball no local data for @firebase/functions@https://registry.npmjs.org/@firebase/functions/-/functions-0.13.1.tgz. Extracting by manifest.
635 silly tarball no local data for @firebase/firestore-compat@https://registry.npmjs.org/@firebase/firestore-compat/-/firestore-compat-0.4.2.tgz. Extracting by manifest.
636 silly tarball no local data for @firebase/firestore@https://registry.npmjs.org/@firebase/firestore/-/firestore-4.9.2.tgz. Extracting by manifest.
637 silly tarball no local data for @firebase/performance@https://registry.npmjs.org/@firebase/performance/-/performance-0.7.9.tgz. Extracting by manifest.
638 silly tarball no local data for @firebase/database@https://registry.npmjs.org/@firebase/database/-/database-1.1.0.tgz. Extracting by manifest.
639 silly tarball no local data for @firebase/database-compat@https://registry.npmjs.org/@firebase/database-compat/-/database-compat-2.1.0.tgz. Extracting by manifest.
640 silly tarball no local data for @firebase/auth@https://registry.npmjs.org/@firebase/auth/-/auth-1.11.1.tgz. Extracting by manifest.
641 silly tarball no local data for @firebase/app-check@https://registry.npmjs.org/@firebase/app-check/-/app-check-0.11.0.tgz. Extracting by manifest.
642 silly tarball no local data for @firebase/data-connect@https://registry.npmjs.org/@firebase/data-connect/-/data-connect-0.3.11.tgz. Extracting by manifest.
643 silly tarball no local data for @firebase/analytics-compat@https://registry.npmjs.org/@firebase/analytics-compat/-/analytics-compat-0.2.25.tgz. Extracting by manifest.
644 silly tarball no local data for @firebase/app-compat@https://registry.npmjs.org/@firebase/app-compat/-/app-compat-0.5.5.tgz. Extracting by manifest.
645 silly tarball no local data for @firebase/auth-compat@https://registry.npmjs.org/@firebase/auth-compat/-/auth-compat-0.6.1.tgz. Extracting by manifest.
646 silly tarball no local data for @firebase/app-types@https://registry.npmjs.org/@firebase/app-types/-/app-types-0.9.3.tgz. Extracting by manifest.
647 silly tarball no local data for @firebase/app-check-compat@https://registry.npmjs.org/@firebase/app-check-compat/-/app-check-compat-0.4.0.tgz. Extracting by manifest.
648 silly tarball no local data for @firebase/app@https://registry.npmjs.org/@firebase/app/-/app-0.14.5.tgz. Extracting by manifest.
649 silly tarball no local data for @firebase/ai@https://registry.npmjs.org/@firebase/ai/-/ai-2.5.0.tgz. Extracting by manifest.
650 silly tarball no local data for @firebase/analytics@https://registry.npmjs.org/@firebase/analytics/-/analytics-0.10.19.tgz. Extracting by manifest.
651 silly tarball no local data for firebase@https://registry.npmjs.org/firebase/-/firebase-12.5.0.tgz. Extracting by manifest.
652 http fetch POST 200 https://registry.npmjs.org/-/npm/v1/security/advisories/bulk 860ms
653 silly audit report {}
654 http fetch GET 200 https://registry.npmjs.org/ansi-styles/-/ansi-styles-4.3.0.tgz 1642ms (cache miss)
655 http fetch GET 200 https://registry.npmjs.org/color-convert/-/color-convert-2.0.1.tgz 1747ms (cache miss)
656 http fetch GET 200 https://registry.npmjs.org/http-parser-js/-/http-parser-js-0.5.10.tgz 2004ms (cache miss)
657 http fetch GET 200 https://registry.npmjs.org/color-name/-/color-name-1.1.4.tgz 2035ms (cache miss)
658 http fetch GET 200 https://registry.npmjs.org/safe-buffer/-/safe-buffer-5.2.1.tgz 2138ms (cache miss)
659 http fetch GET 200 https://registry.npmjs.org/@protobufjs/pool/-/pool-1.1.0.tgz 2142ms (cache miss)
660 http fetch GET 200 https://registry.npmjs.org/@protobufjs/path/-/path-1.1.2.tgz 2141ms (cache miss)
661 http fetch GET 200 https://registry.npmjs.org/strip-ansi/-/strip-ansi-6.0.1.tgz 2158ms (cache miss)
662 http fetch GET 200 https://registry.npmjs.org/is-fullwidth-code-point/-/is-fullwidth-code-point-3.0.0.tgz 2267ms (cache miss)
663 http fetch GET 200 https://registry.npmjs.org/ansi-regex/-/ansi-regex-5.0.1.tgz 2279ms (cache miss)
664 http fetch GET 200 https://registry.npmjs.org/string-width/-/string-width-4.2.3.tgz 2275ms (cache miss)
665 http fetch GET 200 https://registry.npmjs.org/wrap-ansi/-/wrap-ansi-7.0.0.tgz 2296ms (cache miss)
666 http fetch GET 200 https://registry.npmjs.org/@protobufjs/inquire/-/inquire-1.1.0.tgz 2404ms (cache miss)
667 http fetch GET 200 https://registry.npmjs.org/get-caller-file/-/get-caller-file-2.0.5.tgz 2518ms (cache miss)
668 http fetch GET 200 https://registry.npmjs.org/require-directory/-/require-directory-2.1.1.tgz 2960ms (cache miss)
669 http fetch GET 200 https://registry.npmjs.org/@firebase/storage-types/-/storage-types-0.8.3.tgz 2935ms (cache miss)
670 http fetch GET 200 https://registry.npmjs.org/@firebase/remote-config-types/-/remote-config-types-0.5.0.tgz 3080ms (cache miss)
671 http fetch GET 200 https://registry.npmjs.org/@firebase/performance-types/-/performance-types-0.2.3.tgz 3344ms (cache miss)
672 http fetch GET 200 https://registry.npmjs.org/@protobufjs/utf8/-/utf8-1.1.0.tgz 3418ms (cache miss)
673 http fetch GET 200 https://registry.npmjs.org/@protobufjs/aspromise/-/aspromise-1.1.2.tgz 3408ms (cache miss)
674 http fetch GET 200 https://registry.npmjs.org/@firebase/installations-types/-/installations-types-0.5.3.tgz 3392ms (cache miss)
675 http fetch GET 200 https://registry.npmjs.org/@firebase/functions-types/-/functions-types-0.6.3.tgz 3436ms (cache miss)
676 http fetch GET 200 https://registry.npmjs.org/@firebase/firestore-types/-/firestore-types-3.0.3.tgz 3442ms (cache miss)
677 http fetch GET 200 https://registry.npmjs.org/@protobufjs/fetch/-/fetch-1.1.0.tgz 3498ms (cache miss)
678 http fetch GET 200 https://registry.npmjs.org/@protobufjs/eventemitter/-/eventemitter-1.1.0.tgz 3508ms (cache miss)
679 http fetch GET 200 https://registry.npmjs.org/@firebase/database-types/-/database-types-1.0.16.tgz 3472ms (cache miss)
680 http fetch GET 200 https://registry.npmjs.org/@protobufjs/base64/-/base64-1.1.2.tgz 3548ms (cache miss)
681 http fetch GET 200 https://registry.npmjs.org/@protobufjs/codegen/-/codegen-2.0.4.tgz 3540ms (cache miss)
682 http fetch GET 200 https://registry.npmjs.org/@firebase/auth-types/-/auth-types-0.13.0.tgz 3514ms (cache miss)
683 http fetch GET 200 https://registry.npmjs.org/@firebase/messaging-interop-types/-/messaging-interop-types-0.2.3.tgz 3512ms (cache miss)
684 http fetch GET 200 https://registry.npmjs.org/lodash.camelcase/-/lodash.camelcase-4.3.0.tgz 3588ms (cache miss)
685 http fetch GET 200 https://registry.npmjs.org/@firebase/app-check-interop-types/-/app-check-interop-types-0.3.3.tgz 3553ms (cache miss)
686 http fetch GET 200 https://registry.npmjs.org/emoji-regex/-/emoji-regex-8.0.0.tgz 3681ms (cache miss)
687 http fetch GET 200 https://registry.npmjs.org/@firebase/auth-interop-types/-/auth-interop-types-0.2.4.tgz 3603ms (cache miss)
688 http fetch GET 200 https://registry.npmjs.org/@firebase/app-check-types/-/app-check-types-0.5.3.tgz 3647ms (cache miss)
689 http fetch GET 200 https://registry.npmjs.org/@firebase/remote-config-compat/-/remote-config-compat-0.2.20.tgz 3625ms (cache miss)
690 http fetch GET 200 https://registry.npmjs.org/@firebase/performance-compat/-/performance-compat-0.2.22.tgz 3616ms (cache miss)
691 http fetch GET 200 https://registry.npmjs.org/@firebase/analytics-types/-/analytics-types-0.8.3.tgz 3665ms (cache miss)
692 http fetch GET 200 https://registry.npmjs.org/y18n/-/y18n-5.0.8.tgz 3907ms (cache miss)
693 http fetch GET 200 https://registry.npmjs.org/@protobufjs/float/-/float-1.0.2.tgz 3888ms (cache miss)
694 http fetch GET 200 https://registry.npmjs.org/escalade/-/escalade-3.2.0.tgz 4018ms (cache miss)
695 http fetch GET 200 https://registry.npmjs.org/cliui/-/cliui-8.0.1.tgz 4021ms (cache miss)
696 http fetch GET 200 https://registry.npmjs.org/long/-/long-5.3.2.tgz 4250ms (cache miss)
697 http fetch GET 200 https://registry.npmjs.org/websocket-extensions/-/websocket-extensions-0.1.4.tgz 4406ms (cache miss)
698 http fetch GET 200 https://registry.npmjs.org/@firebase/app-types/-/app-types-0.9.3.tgz 4644ms (cache miss)
699 http fetch GET 200 https://registry.npmjs.org/yargs-parser/-/yargs-parser-21.1.1.tgz 4811ms (cache miss)
700 http fetch GET 200 https://registry.npmjs.org/@grpc/proto-loader/-/proto-loader-0.7.15.tgz 4887ms (cache miss)
701 http fetch GET 200 https://registry.npmjs.org/faye-websocket/-/faye-websocket-0.11.4.tgz 4958ms (cache miss)
702 http fetch GET 200 https://registry.npmjs.org/@firebase/logger/-/logger-0.5.0.tgz 5331ms (cache miss)
703 http fetch GET 200 https://registry.npmjs.org/idb/-/idb-7.1.1.tgz 5537ms (cache miss)
704 http fetch GET 200 https://registry.npmjs.org/@firebase/messaging-compat/-/messaging-compat-0.2.23.tgz 5662ms (cache miss)
705 http fetch GET 200 https://registry.npmjs.org/@firebase/functions-compat/-/functions-compat-0.4.1.tgz 6094ms (cache miss)
706 http fetch GET 200 https://registry.npmjs.org/@firebase/installations-compat/-/installations-compat-0.2.19.tgz 6111ms (cache miss)
707 http fetch GET 200 https://registry.npmjs.org/websocket-driver/-/websocket-driver-0.7.4.tgz 6274ms (cache miss)
708 http fetch GET 200 https://registry.npmjs.org/undici-types/-/undici-types-7.16.0.tgz 6418ms (cache miss)
709 http fetch GET 200 https://registry.npmjs.org/@firebase/webchannel-wrapper/-/webchannel-wrapper-1.0.5.tgz 6404ms (cache miss)
710 http fetch GET 200 https://registry.npmjs.org/@firebase/component/-/component-0.7.0.tgz 6523ms (cache miss)
711 http fetch GET 200 https://registry.npmjs.org/@firebase/storage-compat/-/storage-compat-0.4.0.tgz 7382ms (cache miss)
712 http fetch GET 200 https://registry.npmjs.org/@firebase/functions/-/functions-0.13.1.tgz 7507ms (cache miss)
713 http fetch GET 200 https://registry.npmjs.org/@firebase/app-check-compat/-/app-check-compat-0.4.0.tgz 9466ms (cache miss)
714 http fetch GET 200 https://registry.npmjs.org/@firebase/app-compat/-/app-compat-0.5.5.tgz 9627ms (cache miss)
715 http fetch GET 200 https://registry.npmjs.org/yargs/-/yargs-17.7.2.tgz 9969ms (cache miss)
716 http fetch GET 200 https://registry.npmjs.org/@firebase/analytics/-/analytics-0.10.19.tgz 10113ms (cache miss)
717 http fetch GET 200 https://registry.npmjs.org/@firebase/app/-/app-0.14.5.tgz 10369ms (cache miss)
718 http fetch GET 200 https://registry.npmjs.org/@firebase/remote-config/-/remote-config-0.7.0.tgz 10700ms (cache miss)
719 http fetch GET 200 https://registry.npmjs.org/@types/node/-/node-24.9.2.tgz 10853ms (cache miss)
720 http fetch GET 200 https://registry.npmjs.org/@firebase/performance/-/performance-0.7.9.tgz 11010ms (cache miss)
721 http fetch GET 200 https://registry.npmjs.org/@firebase/analytics-compat/-/analytics-compat-0.2.25.tgz 11571ms (cache miss)
722 http fetch GET 200 https://registry.npmjs.org/@firebase/app-check/-/app-check-0.11.0.tgz 12942ms (cache miss)
723 http fetch GET 200 https://registry.npmjs.org/@firebase/data-connect/-/data-connect-0.3.11.tgz 13646ms (cache miss)
724 http fetch GET 200 https://registry.npmjs.org/protobufjs/-/protobufjs-7.5.4.tgz 14231ms (cache miss)
725 http fetch GET 200 https://registry.npmjs.org/@firebase/util/-/util-1.13.0.tgz 14675ms (cache miss)
726 http fetch GET 200 https://registry.npmjs.org/@firebase/auth-compat/-/auth-compat-0.6.1.tgz 14772ms (cache miss)
727 http fetch GET 200 https://registry.npmjs.org/@firebase/messaging/-/messaging-0.12.23.tgz 15933ms (cache miss)
728 http fetch GET 200 https://registry.npmjs.org/@firebase/firestore-compat/-/firestore-compat-0.4.2.tgz 19595ms (cache miss)
729 http fetch GET 200 https://registry.npmjs.org/web-vitals/-/web-vitals-4.2.4.tgz 20336ms (cache miss)
730 http fetch GET 200 https://registry.npmjs.org/@firebase/installations/-/installations-0.6.19.tgz 20363ms (cache miss)
731 http fetch GET 200 https://registry.npmjs.org/@firebase/ai/-/ai-2.5.0.tgz 21650ms (cache miss)
732 http fetch GET 200 https://registry.npmjs.org/@firebase/storage/-/storage-0.14.0.tgz 22023ms (cache miss)
733 http fetch GET 200 https://registry.npmjs.org/@firebase/database-compat/-/database-compat-2.1.0.tgz 26187ms (cache miss)
734 http fetch GET 200 https://registry.npmjs.org/@firebase/database/-/database-1.1.0.tgz 30718ms (cache miss)
735 http fetch GET 200 https://registry.npmjs.org/@grpc/grpc-js/-/grpc-js-1.9.15.tgz 34004ms (cache miss)
736 http fetch GET 200 https://registry.npmjs.org/@firebase/firestore/-/firestore-4.9.2.tgz 50223ms (cache miss)
737 http fetch GET 200 https://registry.npmjs.org/@firebase/auth/-/auth-1.11.1.tgz 60316ms (cache miss)
738 http fetch GET 200 https://registry.npmjs.org/firebase/-/firebase-12.5.0.tgz 71824ms (cache miss)
739 info run @firebase/util@1.13.0 postinstall node_modules/@firebase/util node ./postinstall.js
740 info run protobufjs@7.5.4 postinstall node_modules/protobufjs node scripts/postinstall
741 info run @firebase/util@1.13.0 postinstall { code: 0, signal: null }
742 info run protobufjs@7.5.4 postinstall { code: 0, signal: null }
743 silly ADD node_modules/color-name
744 silly ADD node_modules/color-convert
745 silly ADD node_modules/ansi-styles
746 silly ADD node_modules/ansi-regex
747 silly ADD node_modules/is-fullwidth-code-point
748 silly ADD node_modules/emoji-regex
749 silly ADD node_modules/wrap-ansi
750 silly ADD node_modules/strip-ansi
751 silly ADD node_modules/yargs-parser
752 silly ADD node_modules/y18n
753 silly ADD node_modules/string-width
754 silly ADD node_modules/require-directory
755 silly ADD node_modules/get-caller-file
756 silly ADD node_modules/escalade
757 silly ADD node_modules/cliui
758 silly ADD node_modules/websocket-extensions
759 silly ADD node_modules/safe-buffer
760 silly ADD node_modules/http-parser-js
761 silly ADD node_modules/@protobufjs/utf8
762 silly ADD node_modules/@protobufjs/pool
763 silly ADD node_modules/@protobufjs/path
764 silly ADD node_modules/@protobufjs/inquire
765 silly ADD node_modules/@protobufjs/float
766 silly ADD node_modules/@protobufjs/fetch
767 silly ADD node_modules/@protobufjs/eventemitter
768 silly ADD node_modules/@protobufjs/codegen
769 silly ADD node_modules/@protobufjs/base64
770 silly ADD node_modules/@protobufjs/aspromise
771 silly ADD node_modules/websocket-driver
772 silly ADD node_modules/undici-types
773 silly ADD node_modules/yargs
774 silly ADD node_modules/protobufjs
775 silly ADD node_modules/long
776 silly ADD node_modules/lodash.camelcase
777 silly ADD node_modules/@types/node
778 silly ADD node_modules/@firebase/storage-types
779 silly ADD node_modules/@firebase/remote-config-types
780 silly ADD node_modules/@firebase/performance-types
781 silly ADD node_modules/web-vitals
782 silly ADD node_modules/@firebase/installations-types
783 silly ADD node_modules/@firebase/functions-types
784 silly ADD node_modules/@firebase/messaging-interop-types
785 silly ADD node_modules/@firebase/firestore-types
786 silly ADD node_modules/@grpc/proto-loader
787 silly ADD node_modules/@grpc/grpc-js
788 silly ADD node_modules/@firebase/webchannel-wrapper
789 silly ADD node_modules/@firebase/database-types
790 silly ADD node_modules/faye-websocket
791 silly ADD node_modules/@firebase/auth-interop-types
792 silly ADD node_modules/@firebase/auth-types
793 silly ADD node_modules/@firebase/app-check-types
794 silly ADD node_modules/idb
795 silly ADD node_modules/@firebase/analytics-types
796 silly ADD node_modules/@firebase/logger
797 silly ADD node_modules/@firebase/component
798 silly ADD node_modules/@firebase/app-check-interop-types
799 silly ADD node_modules/@firebase/util
800 silly ADD node_modules/@firebase/storage-compat
801 silly ADD node_modules/@firebase/storage
802 silly ADD node_modules/@firebase/remote-config-compat
803 silly ADD node_modules/@firebase/remote-config
804 silly ADD node_modules/@firebase/performance-compat
805 silly ADD node_modules/@firebase/performance
806 silly ADD node_modules/@firebase/messaging-compat
807 silly ADD node_modules/@firebase/messaging
808 silly ADD node_modules/@firebase/installations-compat
809 silly ADD node_modules/@firebase/installations
810 silly ADD node_modules/@firebase/functions-compat
811 silly ADD node_modules/@firebase/functions
812 silly ADD node_modules/@firebase/firestore-compat
813 silly ADD node_modules/@firebase/firestore
814 silly ADD node_modules/@firebase/database-compat
815 silly ADD node_modules/@firebase/database
816 silly ADD node_modules/@firebase/data-connect
817 silly ADD node_modules/@firebase/auth-compat
818 silly ADD node_modules/@firebase/auth
819 silly ADD node_modules/@firebase/app-check-compat
820 silly ADD node_modules/@firebase/app-check
821 silly ADD node_modules/@firebase/app-compat
822 silly ADD node_modules/@firebase/analytics-compat
823 silly ADD node_modules/@firebase/analytics
824 silly ADD node_modules/@firebase/app-types
825 silly ADD node_modules/@firebase/app
826 silly ADD node_modules/@firebase/ai
827 silly ADD node_modules/firebase
828 verbose cwd C:\dev\movie-review-app
829 verbose os Windows_NT 10.0.26100
830 verbose node v24.11.0
831 verbose npm  v11.6.1
832 verbose exit 0
833 info ok
