0 verbose cli C:\Program Files\nodejs\node.exe C:\Program Files\nodejs\node_modules\npm\bin\npm-cli.js
1 info using npm@11.6.1
2 info using node@v24.11.0
3 silly config load:file:C:\Program Files\nodejs\node_modules\npm\npmrc
4 silly config load:file:C:\dev\movie-review-app\.npmrc
5 silly config load:file:C:\Users\Tlaitlai\.npmrc
6 silly config load:file:C:\Users\Tlaitlai\AppData\Roaming\npm\etc\npmrc
7 verbose title npm start
8 verbose argv "start"
9 verbose logfile logs-max:10 dir:C:\dev\movie-review-app\D\npm-cache\_logs\2025-11-02T21_53_31_607Z-
10 verbose logfile C:\dev\movie-review-app\D\npm-cache\_logs\2025-11-02T21_53_31_607Z-debug-0.log
11 silly logfile start cleaning logs, removing 1 files
12 silly logfile done cleaning log files
13 verbose stack Error: Missing script: "start"
13 verbose stack
13 verbose stack Did you mean one of these?
13 verbose stack   npm star # Mark your favorite packages
13 verbose stack   npm stars # View packages marked as favorites
13 verbose stack
13 verbose stack To see a list of scripts, run:
13 verbose stack   npm run
13 verbose stack     at #run (C:\Program Files\nodejs\node_modules\npm\lib\commands\run.js:115:13)
13 verbose stack     at async RunScript.exec (C:\Program Files\nodejs\node_modules\npm\lib\commands\run.js:44:7)
13 verbose stack     at async Npm.exec (C:\Program Files\nodejs\node_modules\npm\lib\npm.js:208:9)
13 verbose stack     at async module.exports (C:\Program Files\nodejs\node_modules\npm\lib\cli\entry.js:67:5)
14 error Missing script: "start"
14 error
14 error Did you mean one of these?
14 error   npm star # Mark your favorite packages
14 error   npm stars # View packages marked as favorites
14 error
14 error To see a list of scripts, run:
14 error   npm run
15 verbose cwd C:\dev\movie-review-app
16 verbose os Windows_NT 10.0.26100
17 verbose node v24.11.0
18 verbose npm  v11.6.1
19 verbose exit 1
20 verbose code 1
21 error A complete log of this run can be found in: C:\dev\movie-review-app\D\npm-cache\_logs\2025-11-02T21_53_31_607Z-debug-0.log
