0 verbose cli C:\Program Files\nodejs\node.exe C:\Program Files\nodejs\node_modules\npm\bin\npm-cli.js
1 info using npm@11.6.1
2 info using node@v24.11.0
3 silly config load:file:C:\Program Files\nodejs\node_modules\npm\npmrc
4 silly config load:file:C:\dev\movie-review-app\.npmrc
5 silly config load:file:C:\Users\Tlaitlai\.npmrc
6 silly config load:file:C:\Users\Tlaitlai\AppData\Roaming\npm\etc\npmrc
7 verbose title npm cache clean
8 verbose argv "cache" "clean" "--force"
9 verbose logfile logs-max:10 dir:C:\dev\movie-review-app\D\npm-cache\_logs\2025-11-02T19_33_10_114Z-
10 verbose logfile C:\dev\movie-review-app\D\npm-cache\_logs\2025-11-02T19_33_10_114Z-debug-0.log
11 warn using --force Recommended protections disabled.
12 silly logfile start cleaning logs, removing 1 files
13 silly logfile done cleaning log files
14 verbose cwd C:\dev\movie-review-app
15 verbose os Windows_NT 10.0.26100
16 verbose node v24.11.0
17 verbose npm  v11.6.1
18 verbose exit 0
19 info ok
